#
# A fatal error has been detected by the Java Runtime Environment:
#
#  EXCEPTION_ACCESS_VIOLATION (0xc0000005) at pc=0x00007ff82431d39a, pid=10620, tid=172
#
# JRE version: Java(TM) SE Runtime Environment (17.0.9+11) (build 17.0.9+11-LTS-201)
# Java VM: Java HotSpot(TM) 64-Bit Server VM (17.0.9+11-LTS-201, mixed mode, sharing, tiered, compressed oops, compressed class ptrs, g1 gc, windows-amd64)
# Problematic frame:
# C  [lwjgl_opengl.dll+0xd39a]
#
# No core dump will be written. Minidumps are not enabled by default on client versions of Windows
#
# If you would like to submit a bug report, please visit:
#   https://bugreport.java.com/bugreport/crash.jsp
# The crash happened outside the Java Virtual Machine in native code.
# See problematic frame for where to report the bug.
#

---------------  S U M M A R Y ------------

Command Line: -javaagent:C:\Program Files\JetBrains\IntelliJ IDEA Community Edition 2022.1.3\lib\idea_rt.jar=16011:C:\Program Files\JetBrains\IntelliJ IDEA Community Edition 2022.1.3\bin -Dfile.encoding=UTF-8 org.example.TexturedSquare

Host: AMD Ryzen 5 4600H with Radeon Graphics         , 12 cores, 15G,  Windows 10 , 64 bit Build 19041 (10.0.19041.4717)
Time: Tue Sep 10 20:09:05 2024 FLE Daylight Time elapsed time: 1.202370 seconds (0d 0h 0m 1s)

---------------  T H R E A D  ---------------

Current thread (0x000001a8d7d34bd0):  JavaThread "main" [_thread_in_native, id=172, stack(0x0000002c7d300000,0x0000002c7d400000)]

Stack: [0x0000002c7d300000,0x0000002c7d400000],  sp=0x0000002c7d3ff078,  free space=1020k
Native frames: (J=compiled Java code, j=interpreted, Vv=VM code, C=native code)
C  [lwjgl_opengl.dll+0xd39a]

Java frames: (J=compiled Java code, j=interpreted, Vv=VM code)
j  org.lwjgl.opengl.GL11C.nglGenTextures(IJ)V+0
j  org.lwjgl.opengl.GL11C.glGenTextures()I+20
j  org.lwjgl.opengl.GL11.glGenTextures()I+0
j  org.example.TexturedSquare.loadTexture(Ljava/lang/String;)V+91
j  org.example.TexturedSquare.run()V+7
j  org.example.TexturedSquare.main([Ljava/lang/String;)V+7
v  ~StubRoutines::call_stub

siginfo: EXCEPTION_ACCESS_VIOLATION (0xc0000005), reading address 0x00000000000002d8


Register to memory mapping:

RIP=0x00007ff82431d39a lwjgl_opengl.dll
RAX=0x0 is NULL
RBX={method} {0x000001a8fb54f258} 'nglGenTextures' '(IJ)V' in 'org/lwjgl/opengl/GL11C'
RCX=0x000001a8d7d34e80 points into unknown readable memory: 0x000001a8ff064880 | 80 48 06 ff a8 01 00 00
RDX=0x000001a8ff569310 points into unknown readable memory: 0x0000000300000000 | 00 00 00 00 03 00 00 00
RSP=0x0000002c7d3ff078 is pointing into the stack for thread: 0x000001a8d7d34bd0
RBP=0x0000002c7d3ff100 is pointing into the stack for thread: 0x000001a8d7d34bd0
RSI=0x000001a8fb1d4068 is pointing into metadata
RDI=0x0000000000000001 is an unknown value
R8 =0x0000000000000001 is an unknown value
R9 =0x000001a8ff569310 points into unknown readable memory: 0x0000000300000000 | 00 00 00 00 03 00 00 00
R10=0x000001a8e6b0d5f2 is at code_begin+946 in an Interpreter codelet
method entry point (kind = native)  [0x000001a8e6b0d240, 0x000001a8e6b0dbc0]  2432 bytes
R11=0x0000000718635488 is an oop: java.lang.Class 
{0x0000000718635488} - klass: 'java/lang/Class'
 - ---- fields (total size 116 words):
 - private volatile transient 'classRedefinedCount' 'I' @12  0
 - private volatile transient 'cachedConstructor' 'Ljava/lang/reflect/Constructor;' @40  NULL (0)
 - private transient 'name' 'Ljava/lang/String;' @44  "org.lwjgl.opengl.GL11C"{0x0000000718635838} (e30c6b07)
 - private transient 'module' 'Ljava/lang/Module;' @48  a 'java/lang/Module'{0x00000007194f7250} (e329ee4a)
 - private final 'classLoader' 'Ljava/lang/ClassLoader;' @52  a 'jdk/internal/loader/ClassLoaders$AppClassLoader'{0x00000007194f7090} (e329ee12)
 - private transient 'classData' 'Ljava/lang/Object;' @56  NULL (0)
 - private transient 'packageName' 'Ljava/lang/String;' @60  "org.lwjgl.opengl"{0x00000007188991e8} (e311323d)
 - private final 'componentType' 'Ljava/lang/Class;' @64  NULL (0)
 - private volatile transient 'reflectionData' 'Ljava/lang/ref/SoftReference;' @68  NULL (0)
 - private volatile transient 'genericInfo' 'Lsun/reflect/generics/repository/ClassRepository;' @72  NULL (0)
 - private volatile transient 'enumConstants' '[Ljava/lang/Object;' @76  NULL (0)
 - private volatile transient 'enumConstantDirectory' 'Ljava/util/Map;' @80  NULL (0)
 - private volatile transient 'annotationData' 'Ljava/lang/Class$AnnotationData;' @84  NULL (0)
 - private volatile transient 'annotationType' 'Lsun/reflect/annotation/AnnotationType;' @88  NULL (0)
 - transient 'classValueMap' 'Ljava/lang/ClassValue$ClassValueMap;' @92  NULL (0)
 - signature: Lorg/lwjgl/opengl/GL11C;
 - fake entry for mirror: 'org/lwjgl/opengl/GL11C'
 - fake entry for array: NULL
 - fake entry for oop_size: 116
 - fake entry for static_oop_field_count: 0
 - public static final 'GL_NEVER' 'I' @112  512 (200)
 - public static final 'GL_LESS' 'I' @116  513 (201)
 - public static final 'GL_EQUAL' 'I' @120  514 (202)
 - public static final 'GL_LEQUAL' 'I' @124  515 (203)
 - public static final 'GL_GREATER' 'I' @128  516 (204)
 - public static final 'GL_NOTEQUAL' 'I' @132  517 (205)
 - public static final 'GL_GEQUAL' 'I' @136  518 (206)
 - public static final 'GL_ALWAYS' 'I' @140  519 (207)
 - public static final 'GL_DEPTH_BUFFER_BIT' 'I' @144  256 (100)
 - public static final 'GL_STENCIL_BUFFER_BIT' 'I' @148  1024 (400)
 - public static final 'GL_COLOR_BUFFER_BIT' 'I' @152  16384 (4000)
 - public static final 'GL_POINTS' 'I' @156  0
 - public static final 'GL_LINES' 'I' @160  1
 - public static final 'GL_LINE_LOOP' 'I' @164  2
 - public static final 'GL_LINE_STRIP' 'I' @168  3
 - public static final 'GL_TRIANGLES' 'I' @172  4
 - public static final 'GL_TRIANGLE_STRIP' 'I' @176  5
 - public static final 'GL_TRIANGLE_FAN' 'I' @180  6
 - public static final 'GL_QUADS' 'I' @184  7
 - public static final 'GL_ZERO' 'I' @188  0
 - public static final 'GL_ONE' 'I' @192  1
 - public static final 'GL_SRC_COLOR' 'I' @196  768 (300)
 - public static final 'GL_ONE_MINUS_SRC_COLOR' 'I' @200  769 (301)
 - public static final 'GL_SRC_ALPHA' 'I' @204  770 (302)
 - public static final 'GL_ONE_MINUS_SRC_ALPHA' 'I' @208  771 (303)
 - public static final 'GL_DST_ALPHA' 'I' @212  772 (304)
 - public static final 'GL_ONE_MINUS_DST_ALPHA' 'I' @216  773 (305)
 - public static final 'GL_DST_COLOR' 'I' @220  774 (306)
 - public static final 'GL_ONE_MINUS_DST_COLOR' 'I' @224  775 (307)
 - public static final 'GL_SRC_ALPHA_SATURATE' 'I' @228  776 (308)
 - public static final 'GL_TRUE' 'I' @232  1
 - public static final 'GL_FALSE' 'I' @236  0
 - public static final 'GL_BYTE' 'I' @240  5120 (1400)
 - public static final 'GL_UNSIGNED_BYTE' 'I' @244  5121 (1401)
 - public static final 'GL_SHORT' 'I' @248  5122 (1402)
 - public static final 'GL_UNSIGNED_SHORT' 'I' @252  5123 (1403)
 - public static final 'GL_INT' 'I' @256  5124 (1404)
 - public static final 'GL_UNSIGNED_INT' 'I' @260  5125 (1405)
 - public static final 'GL_FLOAT' 'I' @264  5126 (1406)
 - public static final 'GL_DOUBLE' 'I' @268  5130 (140a)
 - public static final 'GL_NONE' 'I' @272  0
 - public static final 'GL_FRONT_LEFT' 'I' @276  1024 (400)
 - public static final 'GL_FRONT_RIGHT' 'I' @280  1025 (401)
 - public static final 'GL_BACK_LEFT' 'I' @284  1026 (402)
 - public static final 'GL_BACK_RIGHT' 'I' @288  1027 (403)
 - public static final 'GL_FRONT' 'I' @292  1028 (404)
 - public static final 'GL_BACK' 'I' @296  1029 (405)
 - public static final 'GL_LEFT' 'I' @300  1030 (406)
 - public static final 'GL_RIGHT' 'I' @304  1031 (407)
 - public static final 'GL_FRONT_AND_BACK' 'I' @308  1032 (408)
 - public static final 'GL_NO_ERROR' 'I' @312  0
 - public static final 'GL_INVALID_ENUM' 'I' @316  1280 (500)
 - public static final 'GL_INVALID_VALUE' 'I' @320  1281 (501)
 - public static final 'GL_INVALID_OPERATION' 'I' @324  1282 (502)
 - public static final 'GL_STACK_OVERFLOW' 'I' @328  1283 (503)
 - public static final 'GL_STACK_UNDERFLOW' 'I' @332  1284 (504)
 - public static final 'GL_OUT_OF_MEMORY' 'I' @336  1285 (505)
 - public static final 'GL_CW' 'I' @340  2304 (900)
 - public static final 'GL_CCW' 'I' @344  2305 (901)
 - public static final 'GL_POINT_SIZE' 'I' @348  2833 (b11)
 - public static final 'GL_POINT_SIZE_RANGE' 'I' @352  2834 (b12)
 - public static final 'GL_POINT_SIZE_GRANULARITY' 'I' @356  2835 (b13)
 - public static final 'GL_LINE_SMOOTH' 'I' @360  2848 (b20)
 - public static final 'GL_LINE_WIDTH' 'I' @364  2849 (b21)
 - public static final 'GL_LINE_WIDTH_RANGE' 'I' @368  2850 (b22)
 - public static final 'GL_LINE_WIDTH_GRANULARITY' 'I' @372  2851 (b23)
 - public static final 'GL_POLYGON_MODE' 'I' @376  2880 (b40)
 - public static final 'GL_POLYGON_SMOOTH' 'I' @380  2881 (b41)
 - public static final 'GL_CULL_FACE' 'I' @384  2884 (b44)
 - public static final 'GL_CULL_FACE_MODE' 'I' @388  2885 (b45)
 - public static final 'GL_FRONT_FACE' 'I' @392  2886 (b46)
 - public static final 'GL_DEPTH_RANGE' 'I' @396  2928 (b70)
 - public static final 'GL_DEPTH_TEST' 'I' @400  2929 (b71)
 - public static final 'GL_DEPTH_WRITEMASK' 'I' @404  2930 (b72)
 - public static final 'GL_DEPTH_CLEAR_VALUE' 'I' @408  2931 (b73)
 - public static final 'GL_DEPTH_FUNC' 'I' @412  2932 (b74)
 - public static final 'GL_STENCIL_TEST' 'I' @416  2960 (b90)
 - public static final 'GL_STENCIL_CLEAR_VALUE' 'I' @420  2961 (b91)
 - public static final 'GL_STENCIL_FUNC' 'I' @424  2962 (b92)
 - public static final 'GL_STENCIL_VALUE_MASK' 'I' @428  2963 (b93)
 - public static final 'GL_STENCIL_FAIL' 'I' @432  2964 (b94)
 - public static final 'GL_STENCIL_PASS_DEPTH_FAIL' 'I' @436  2965 (b95)
 - public static final 'GL_STENCIL_PASS_DEPTH_PASS' 'I' @440  2966 (b96)
 - public static final 'GL_STENCIL_REF' 'I' @444  2967 (b97)
 - public static final 'GL_STENCIL_WRITEMASK' 'I' @448  2968 (b98)
 - public static final 'GL_VIEWPORT' 'I' @452  2978 (ba2)
 - public static final 'GL_DITHER' 'I' @456  3024 (bd0)
 - public static final 'GL_BLEND_DST' 'I' @460  3040 (be0)
 - public static final 'GL_BLEND_SRC' 'I' @464  3041 (be1)
 - public static final 'GL_BLEND' 'I' @468  3042 (be2)
 - public static final 'GL_LOGIC_OP_MODE' 'I' @472  3056 (bf0)
 - public static final 'GL_COLOR_LOGIC_OP' 'I' @476  3058 (bf2)
 - public static final 'GL_DRAW_BUFFER' 'I' @480  3073 (c01)
 - public static final 'GL_READ_BUFFER' 'I' @484  3074 (c02)
 - public static final 'GL_SCISSOR_BOX' 'I' @488  3088 (c10)
 - public static final 'GL_SCISSOR_TEST' 'I' @492  3089 (c11)
 - public static final 'GL_COLOR_CLEAR_VALUE' 'I' @496  3106 (c22)
 - public static final 'GL_COLOR_WRITEMASK' 'I' @500  3107 (c23)
 - public static final 'GL_DOUBLEBUFFER' 'I' @504  3122 (c32)
 - public static final 'GL_STEREO' 'I' @508  3123 (c33)
 - public static final 'GL_LINE_SMOOTH_HINT' 'I' @512  3154 (c52)
 - public static final 'GL_POLYGON_SMOOTH_HINT' 'I' @516  3155 (c53)
 - public static final 'GL_UNPACK_SWAP_BYTES' 'I' @520  3312 (cf0)
 - public static final 'GL_UNPACK_LSB_FIRST' 'I' @524  3313 (cf1)
 - public static final 'GL_UNPACK_ROW_LENGTH' 'I' @528  3314 (cf2)
 - public static final 'GL_UNPACK_SKIP_ROWS' 'I' @532  3315 (cf3)
 - public static final 'GL_UNPACK_SKIP_PIXELS' 'I' @536  3316 (cf4)
 - public static final 'GL_UNPACK_ALIGNMENT' 'I' @540  3317 (cf5)
 - public static final 'GL_PACK_SWAP_BYTES' 'I' @544  3328 (d00)
 - public static final 'GL_PACK_LSB_FIRST' 'I' @548  3329 (d01)
 - public static final 'GL_PACK_ROW_LENGTH' 'I' @552  3330 (d02)
 - public static final 'GL_PACK_SKIP_ROWS' 'I' @556  3331 (d03)
 - public static final 'GL_PACK_SKIP_PIXELS' 'I' @560  3332 (d04)
 - public static final 'GL_PACK_ALIGNMENT' 'I' @564  3333 (d05)
 - public static final 'GL_MAX_TEXTURE_SIZE' 'I' @568  3379 (d33)
 - public static final 'GL_MAX_VIEWPORT_DIMS' 'I' @572  3386 (d3a)
 - public static final 'GL_SUBPIXEL_BITS' 'I' @576  3408 (d50)
 - public static final 'GL_TEXTURE_1D' 'I' @580  3552 (de0)
 - public static final 'GL_TEXTURE_2D' 'I' @584  3553 (de1)
 - public static final 'GL_TEXTURE_WIDTH' 'I' @588  4096 (1000)
 - public static final 'GL_TEXTURE_HEIGHT' 'I' @592  4097 (1001)
 - public static final 'GL_TEXTURE_INTERNAL_FORMAT' 'I' @596  4099 (1003)
 - public static final 'GL_TEXTURE_BORDER_COLOR' 'I' @600  4100 (1004)
 - public static final 'GL_DONT_CARE' 'I' @604  4352 (1100)
 - public static final 'GL_FASTEST' 'I' @608  4353 (1101)
 - public static final 'GL_NICEST' 'I' @612  4354 (1102)
 - public static final 'GL_CLEAR' 'I' @616  5376 (1500)
 - public static final 'GL_AND' 'I' @620  5377 (1501)
 - public static final 'GL_AND_REVERSE' 'I' @624  5378 (1502)
 - public static final 'GL_COPY' 'I' @628  5379 (1503)
 - public static final 'GL_AND_INVERTED' 'I' @632  5380 (1504)
 - public static final 'GL_NOOP' 'I' @636  5381 (1505)
 - public static final 'GL_XOR' 'I' @640  5382 (1506)
 - public static final 'GL_OR' 'I' @644  5383 (1507)
 - public static final 'GL_NOR' 'I' @648  5384 (1508)
 - public static final 'GL_EQUIV' 'I' @652  5385 (1509)
 - public static final 'GL_INVERT' 'I' @656  5386 (150a)
 - public static final 'GL_OR_REVERSE' 'I' @660  5387 (150b)
 - public static final 'GL_COPY_INVERTED' 'I' @664  5388 (150c)
 - public static final 'GL_OR_INVERTED' 'I' @668  5389 (150d)
 - public static final 'GL_NAND' 'I' @672  5390 (150e)
 - public static final 'GL_SET' 'I' @676  5391 (150f)
 - public static final 'GL_TEXTURE' 'I' @680  5890 (1702)
 - public static final 'GL_COLOR' 'I' @684  6144 (1800)
 - public static final 'GL_DEPTH' 'I' @688  6145 (1801)
 - public static final 'GL_STENCIL' 'I' @692  6146 (1802)
 - public static final 'GL_STENCIL_INDEX' 'I' @696  6401 (1901)
 - public static final 'GL_DEPTH_COMPONENT' 'I' @700  6402 (1902)
 - public static final 'GL_RED' 'I' @704  6403 (1903)
 - public static final 'GL_GREEN' 'I' @708  6404 (1904)
 - public static final 'GL_BLUE' 'I' @712  6405 (1905)
 - public static final 'GL_ALPHA' 'I' @716  6406 (1906)
 - public static final 'GL_RGB' 'I' @720  6407 (1907)
 - public static final 'GL_RGBA' 'I' @724  6408 (1908)
 - public static final 'GL_POINT' 'I' @728  6912 (1b00)
 - public static final 'GL_LINE' 'I' @732  6913 (1b01)
 - public static final 'GL_FILL' 'I' @736  6914 (1b02)
 - public static final 'GL_KEEP' 'I' @740  7680 (1e00)
 - public static final 'GL_REPLACE' 'I' @744  7681 (1e01)
 - public static final 'GL_INCR' 'I' @748  7682 (1e02)
 - public static final 'GL_DECR' 'I' @752  7683 (1e03)
 - public static final 'GL_VENDOR' 'I' @756  7936 (1f00)
 - public static final 'GL_RENDERER' 'I' @760  7937 (1f01)
 - public static final 'GL_VERSION' 'I' @764  7938 (1f02)
 - public static final 'GL_EXTENSIONS' 'I' @768  7939 (1f03)
 - public static final 'GL_NEAREST' 'I' @772  9728 (2600)
 - public static final 'GL_LINEAR' 'I' @776  9729 (2601)
 - public static final 'GL_NEAREST_MIPMAP_NEAREST' 'I' @780  9984 (2700)
 - public static final 'GL_LINEAR_MIPMAP_NEAREST' 'I' @784  9985 (2701)
 - public static final 'GL_NEAREST_MIPMAP_LINEAR' 'I' @788  9986 (2702)
 - public static final 'GL_LINEAR_MIPMAP_LINEAR' 'I' @792  9987 (2703)
 - public static final 'GL_TEXTURE_MAG_FILTER' 'I' @796  10240 (2800)
 - public static final 'GL_TEXTURE_MIN_FILTER' 'I' @800  10241 (2801)
 - public static final 'GL_TEXTURE_WRAP_S' 'I' @804  10242 (2802)
 - public static final 'GL_TEXTURE_WRAP_T' 'I' @808  10243 (2803)
 - public static final 'GL_REPEAT' 'I' @812  10497 (2901)
 - public static final 'GL_POLYGON_OFFSET_FACTOR' 'I' @816  32824 (8038)
 - public static final 'GL_POLYGON_OFFSET_UNITS' 'I' @820  10752 (2a00)
 - public static final 'GL_POLYGON_OFFSET_POINT' 'I' @824  10753 (2a01)
 - public static final 'GL_POLYGON_OFFSET_LINE' 'I' @828  10754 (2a02)
 - public static final 'GL_POLYGON_OFFSET_FILL' 'I' @832  32823 (8037)
 - public static final 'GL_R3_G3_B2' 'I' @836  10768 (2a10)
 - public static final 'GL_RGB4' 'I' @840  32847 (804f)
 - public static final 'GL_RGB5' 'I' @844  32848 (8050)
 - public static final 'GL_RGB8' 'I' @848  32849 (8051)
 - public static final 'GL_RGB10' 'I' @852  32850 (8052)
 - public static final 'GL_RGB12' 'I' @856  32851 (8053)
 - public static final 'GL_RGB16' 'I' @860  32852 (8054)
 - public static final 'GL_RGBA2' 'I' @864  32853 (8055)
 - public static final 'GL_RGBA4' 'I' @868  32854 (8056)
 - public static final 'GL_RGB5_A1' 'I' @872  32855 (8057)
 - public static final 'GL_RGBA8' 'I' @876  32856 (8058)
 - public static final 'GL_RGB10_A2' 'I' @880  32857 (8059)
 - public static final 'GL_RGBA12' 'I' @884  32858 (805a)
 - public static final 'GL_RGBA16' 'I' @888  32859 (805b)
 - public static final 'GL_TEXTURE_RED_SIZE' 'I' @892  32860 (805c)
 - public static final 'GL_TEXTURE_GREEN_SIZE' 'I' @896  32861 (805d)
 - public static final 'GL_TEXTURE_BLUE_SIZE' 'I' @900  32862 (805e)
 - public static final 'GL_TEXTURE_ALPHA_SIZE' 'I' @904  32863 (805f)
 - public static final 'GL_PROXY_TEXTURE_1D' 'I' @908  32867 (8063)
 - public static final 'GL_PROXY_TEXTURE_2D' 'I' @912  32868 (8064)
 - public static final 'GL_TEXTURE_BINDING_1D' 'I' @916  32872 (8068)
 - public static final 'GL_TEXTURE_BINDING_2D' 'I' @920  32873 (8069)
 - public static final 'GL_VERTEX_ARRAY' 'I' @924  32884 (8074)
R12=0x0 is NULL
R13={method} {0x000001a8fb54f258} 'nglGenTextures' '(IJ)V' in 'org/lwjgl/opengl/GL11C'
R14=0x0000002c7d3ff130 is pointing into the stack for thread: 0x000001a8d7d34bd0
R15=0x000001a8d7d34bd0 is a thread


Registers:
RAX=0x0000000000000000, RBX=0x000001a8fb54f250, RCX=0x000001a8d7d34e80, RDX=0x000001a8ff569310
RSP=0x0000002c7d3ff078, RBP=0x0000002c7d3ff100, RSI=0x000001a8fb1d4068, RDI=0x0000000000000001
R8 =0x0000000000000001, R9 =0x000001a8ff569310, R10=0x000001a8e6b0d5f2, R11=0x0000000718635488
R12=0x0000000000000000, R13=0x000001a8fb54f250, R14=0x0000002c7d3ff130, R15=0x000001a8d7d34bd0
RIP=0x00007ff82431d39a, EFLAGS=0x0000000000010206

Top of Stack: (sp=0x0000002c7d3ff078)
0x0000002c7d3ff078:   000001a8e6b0d621 0000000000000001
0x0000002c7d3ff088:   000001a8e6b0d352 000001a8fb54f250
0x0000002c7d3ff098:   000001a8fb1d4068 0000002c7d3ff118
0x0000002c7d3ff0a8:   000001a8e6b095cd 000001a8e6b0d2f6
0x0000002c7d3ff0b8:   0000002c7d3ff0b8 000001a8fb54f250
0x0000002c7d3ff0c8:   0000002c7d3ff130 000001a8fb5555d0
0x0000002c7d3ff0d8:   0000000000000000 0000000718635488
0x0000002c7d3ff0e8:   000001a8fb54f250 0000000000000000
0x0000002c7d3ff0f8:   0000002c7d3ff120 0000002c7d3ff180
0x0000002c7d3ff108:   000001a8e6b094fe 0000000718635488
0x0000002c7d3ff118:   000001a8e6b0af78 000001a8ff569310
0x0000002c7d3ff128:   0000000000000000 0000000000000001
0x0000002c7d3ff138:   0000002c7d3ff138 000001a8fb54f3c4
0x0000002c7d3ff148:   0000002c7d3ff1b0 000001a8fb5555d0
0x0000002c7d3ff158:   0000000000000000 0000000718635488
0x0000002c7d3ff168:   000001a8fb54f430 0000002c7d3ff120 

Instructions: (pc=0x00007ff82431d39a)
0x00007ff82431d29a:   cc cc cc cc cc cc 48 8b 01 48 8b 40 18 44 89 c1
0x00007ff82431d2aa:   48 ff a0 d0 01 00 00 cc cc cc cc cc cc cc cc cc
0x00007ff82431d2ba:   cc cc cc cc cc cc 0f 28 cb 0f 28 c2 48 8b 01 48
0x00007ff82431d2ca:   8b 40 18 48 8b 80 d8 01 00 00 48 ff e0 cc cc cc
0x00007ff82431d2da:   cc cc cc cc cc cc 44 89 ca 44 89 c0 44 8b 44 24
0x00007ff82431d2ea:   28 48 8b 09 48 8b 49 18 4c 8b 89 e8 01 00 00 89
0x00007ff82431d2fa:   c1 49 ff e1 cc cc 48 8b 01 48 8b 40 18 44 89 c1
0x00007ff82431d30a:   48 ff a0 f0 01 00 00 cc cc cc cc cc cc cc cc cc
0x00007ff82431d31a:   cc cc cc cc cc cc 44 89 ca 44 89 c0 44 8b 44 24
0x00007ff82431d32a:   28 4c 8b 4c 24 30 48 8b 09 48 8b 49 18 4c 8b 91
0x00007ff82431d33a:   f8 01 00 00 89 c1 49 ff e2 cc cc cc cc cc cc cc
0x00007ff82431d34a:   cc cc cc cc cc cc 48 8b 01 48 8b 40 18 48 ff a0
0x00007ff82431d35a:   98 02 00 00 cc cc 48 8b 01 48 8b 40 18 48 ff a0
0x00007ff82431d36a:   a0 02 00 00 cc cc 48 8b 01 48 8b 40 18 44 89 c1
0x00007ff82431d37a:   48 ff a0 c8 02 00 00 cc cc cc cc cc cc cc cc cc
0x00007ff82431d38a:   cc cc cc cc cc cc 4c 89 ca 48 8b 01 48 8b 40 18
0x00007ff82431d39a:   48 8b 80 d8 02 00 00 44 89 c1 48 ff e0 cc cc cc
0x00007ff82431d3aa:   cc cc cc cc cc cc 4c 89 ca 48 8b 01 48 8b 40 18
0x00007ff82431d3ba:   48 8b 80 e0 02 00 00 44 89 c1 48 ff e0 cc cc cc
0x00007ff82431d3ca:   cc cc cc cc cc cc 4c 89 ca 48 8b 01 48 8b 40 18
0x00007ff82431d3da:   48 8b 80 f0 02 00 00 44 89 c1 48 ff e0 cc cc cc
0x00007ff82431d3ea:   cc cc cc cc cc cc 4c 89 ca 48 8b 01 48 8b 40 18
0x00007ff82431d3fa:   48 8b 80 f8 02 00 00 44 89 c1 48 ff e0 cc cc cc
0x00007ff82431d40a:   cc cc cc cc cc cc 4c 89 ca 48 8b 01 48 8b 40 18
0x00007ff82431d41a:   48 8b 80 00 03 00 00 44 89 c1 48 ff e0 cc cc cc
0x00007ff82431d42a:   cc cc cc cc cc cc 4c 89 ca 48 8b 01 48 8b 40 18
0x00007ff82431d43a:   48 8b 80 08 03 00 00 44 89 c1 48 ff e0 cc cc cc
0x00007ff82431d44a:   cc cc cc cc cc cc 48 8b 01 48 8b 40 18 48 ff a0
0x00007ff82431d45a:   10 03 00 00 cc cc 4c 89 ca 48 8b 01 48 8b 40 18
0x00007ff82431d46a:   48 8b 80 68 03 00 00 44 89 c1 48 ff e0 cc cc cc
0x00007ff82431d47a:   cc cc cc cc cc cc 48 8b 01 48 8b 40 18 44 89 c1
0x00007ff82431d48a:   48 ff a0 78 03 00 00 cc cc cc cc cc cc cc cc cc 


Stack slot to memory mapping:
stack at sp + 0 slots: 0x000001a8e6b0d621 is at code_begin+993 in an Interpreter codelet
method entry point (kind = native)  [0x000001a8e6b0d240, 0x000001a8e6b0dbc0]  2432 bytes
stack at sp + 1 slots: 0x0000000000000001 is an unknown value
stack at sp + 2 slots: 0x000001a8e6b0d352 is at code_begin+274 in an Interpreter codelet
method entry point (kind = native)  [0x000001a8e6b0d240, 0x000001a8e6b0dbc0]  2432 bytes
stack at sp + 3 slots: {method} {0x000001a8fb54f258} 'nglGenTextures' '(IJ)V' in 'org/lwjgl/opengl/GL11C'
stack at sp + 4 slots: 0x000001a8fb1d4068 is pointing into metadata
stack at sp + 5 slots: 0x0000002c7d3ff118 is pointing into the stack for thread: 0x000001a8d7d34bd0
stack at sp + 6 slots: 0x000001a8e6b095cd is at code_begin+1325 in an Interpreter codelet
return entry points  [0x000001a8e6b090a0, 0x000001a8e6b09ba0]  2816 bytes
stack at sp + 7 slots: 0x000001a8e6b0d2f6 is at code_begin+182 in an Interpreter codelet
method entry point (kind = native)  [0x000001a8e6b0d240, 0x000001a8e6b0dbc0]  2432 bytes


---------------  P R O C E S S  ---------------

Threads class SMR info:
_java_thread_list=0x000001a8c2fea670, length=13, elements={
0x000001a8d7d34bd0, 0x000001a8fa9ad550, 0x000001a8fa9ae1d0, 0x000001a8fa9c5f50,
0x000001a8fa9c6910, 0x000001a8fa9c72d0, 0x000001a8fa9c7c90, 0x000001a8fa9cb1a0,
0x000001a8fa9ce810, 0x000001a8faafb1e0, 0x000001a8fa998fe0, 0x000001a8ff0901d0,
0x000001a8ff0906b0
}

Java Threads: ( => current thread )
=>0x000001a8d7d34bd0 JavaThread "main" [_thread_in_native, id=172, stack(0x0000002c7d300000,0x0000002c7d400000)]
  0x000001a8fa9ad550 JavaThread "Reference Handler" daemon [_thread_blocked, id=17604, stack(0x0000002c7da00000,0x0000002c7db00000)]
  0x000001a8fa9ae1d0 JavaThread "Finalizer" daemon [_thread_blocked, id=5036, stack(0x0000002c7db00000,0x0000002c7dc00000)]
  0x000001a8fa9c5f50 JavaThread "Signal Dispatcher" daemon [_thread_blocked, id=5164, stack(0x0000002c7dc00000,0x0000002c7dd00000)]
  0x000001a8fa9c6910 JavaThread "Attach Listener" daemon [_thread_blocked, id=15432, stack(0x0000002c7dd00000,0x0000002c7de00000)]
  0x000001a8fa9c72d0 JavaThread "Service Thread" daemon [_thread_blocked, id=14520, stack(0x0000002c7de00000,0x0000002c7df00000)]
  0x000001a8fa9c7c90 JavaThread "Monitor Deflation Thread" daemon [_thread_blocked, id=10472, stack(0x0000002c7df00000,0x0000002c7e000000)]
  0x000001a8fa9cb1a0 JavaThread "C2 CompilerThread0" daemon [_thread_blocked, id=12508, stack(0x0000002c7e000000,0x0000002c7e100000)]
  0x000001a8fa9ce810 JavaThread "C1 CompilerThread0" daemon [_thread_blocked, id=19204, stack(0x0000002c7e100000,0x0000002c7e200000)]
  0x000001a8faafb1e0 JavaThread "Sweeper thread" daemon [_thread_blocked, id=19184, stack(0x0000002c7e200000,0x0000002c7e300000)]
  0x000001a8fa998fe0 JavaThread "Common-Cleaner" daemon [_thread_blocked, id=1540, stack(0x0000002c7e300000,0x0000002c7e400000)]
  0x000001a8ff0901d0 JavaThread "Monitor Ctrl-Break" daemon [_thread_in_native, id=11116, stack(0x0000002c7e500000,0x0000002c7e600000)]
  0x000001a8ff0906b0 JavaThread "Notification Thread" daemon [_thread_blocked, id=6680, stack(0x0000002c7e600000,0x0000002c7e700000)]

Other Threads:
  0x000001a8fa9a8730 VMThread "VM Thread" [stack: 0x0000002c7d900000,0x0000002c7da00000] [id=1128]
  0x000001a8d7dc5740 WatcherThread [stack: 0x0000002c7e700000,0x0000002c7e800000] [id=16280]
  0x000001a8d7d9c620 GCTaskThread "GC Thread#0" [stack: 0x0000002c7d400000,0x0000002c7d500000] [id=16048]
  0x000001a8d7dadb80 ConcurrentGCThread "G1 Main Marker" [stack: 0x0000002c7d500000,0x0000002c7d600000] [id=9932]
  0x000001a8d7daf5a0 ConcurrentGCThread "G1 Conc#0" [stack: 0x0000002c7d600000,0x0000002c7d700000] [id=18440]
  0x000001a8fa8644f0 ConcurrentGCThread "G1 Refine#0" [stack: 0x0000002c7d700000,0x0000002c7d800000] [id=13844]
  0x000001a8fa864e20 ConcurrentGCThread "G1 Service" [stack: 0x0000002c7d800000,0x0000002c7d900000] [id=15916]

Threads with active compile tasks:

VM state: not at safepoint (normal execution)

VM Mutex/Monitor currently owned by a thread: None

Heap address: 0x000000070a000000, size: 3936 MB, Compressed Oops mode: Zero based, Oop shift amount: 3

CDS archive(s) mapped at: [0x000001a880000000-0x000001a880bd0000-0x000001a880bd0000), size 12386304, SharedBaseAddress: 0x000001a880000000, ArchiveRelocationMode: 1.
Compressed class space mapped at: 0x000001a881000000-0x000001a8c1000000, reserved size: 1073741824
Narrow klass base: 0x000001a880000000, Narrow klass shift: 0, Narrow klass range: 0x100000000

GC Precious Log:
 CPUs: 12 total, 12 available
 Memory: 15741M
 Large Page Support: Disabled
 NUMA Support: Disabled
 Compressed Oops: Enabled (Zero based)
 Heap Region Size: 2M
 Heap Min Capacity: 8M
 Heap Initial Capacity: 246M
 Heap Max Capacity: 3936M
 Pre-touch: Disabled
 Parallel Workers: 10
 Concurrent Workers: 3
 Concurrent Refinement Workers: 10
 Periodic GC: Disabled

Heap:
 garbage-first heap   total 251904K, used 14336K [0x000000070a000000, 0x0000000800000000)
  region size 2048K, 8 young (16384K), 0 survivors (0K)
 Metaspace       used 3833K, committed 4032K, reserved 1114112K
  class space    used 279K, committed 384K, reserved 1048576K

Heap Regions: E=young(eden), S=young(survivor), O=old, HS=humongous(starts), HC=humongous(continues), CS=collection set, F=free, OA=open archive, CA=closed archive, TAMS=top-at-mark-start (previous, next)
|   0|0x000000070a000000, 0x000000070a000000, 0x000000070a200000|  0%| F|  |TAMS 0x000000070a000000, 0x000000070a000000| Untracked 
|   1|0x000000070a200000, 0x000000070a200000, 0x000000070a400000|  0%| F|  |TAMS 0x000000070a200000, 0x000000070a200000| Untracked 
|   2|0x000000070a400000, 0x000000070a400000, 0x000000070a600000|  0%| F|  |TAMS 0x000000070a400000, 0x000000070a400000| Untracked 
|   3|0x000000070a600000, 0x000000070a600000, 0x000000070a800000|  0%| F|  |TAMS 0x000000070a600000, 0x000000070a600000| Untracked 
|   4|0x000000070a800000, 0x000000070a800000, 0x000000070aa00000|  0%| F|  |TAMS 0x000000070a800000, 0x000000070a800000| Untracked 
|   5|0x000000070aa00000, 0x000000070aa00000, 0x000000070ac00000|  0%| F|  |TAMS 0x000000070aa00000, 0x000000070aa00000| Untracked 
|   6|0x000000070ac00000, 0x000000070ac00000, 0x000000070ae00000|  0%| F|  |TAMS 0x000000070ac00000, 0x000000070ac00000| Untracked 
|   7|0x000000070ae00000, 0x000000070ae00000, 0x000000070b000000|  0%| F|  |TAMS 0x000000070ae00000, 0x000000070ae00000| Untracked 
|   8|0x000000070b000000, 0x000000070b000000, 0x000000070b200000|  0%| F|  |TAMS 0x000000070b000000, 0x000000070b000000| Untracked 
|   9|0x000000070b200000, 0x000000070b200000, 0x000000070b400000|  0%| F|  |TAMS 0x000000070b200000, 0x000000070b200000| Untracked 
|  10|0x000000070b400000, 0x000000070b400000, 0x000000070b600000|  0%| F|  |TAMS 0x000000070b400000, 0x000000070b400000| Untracked 
|  11|0x000000070b600000, 0x000000070b600000, 0x000000070b800000|  0%| F|  |TAMS 0x000000070b600000, 0x000000070b600000| Untracked 
|  12|0x000000070b800000, 0x000000070b800000, 0x000000070ba00000|  0%| F|  |TAMS 0x000000070b800000, 0x000000070b800000| Untracked 
|  13|0x000000070ba00000, 0x000000070ba00000, 0x000000070bc00000|  0%| F|  |TAMS 0x000000070ba00000, 0x000000070ba00000| Untracked 
|  14|0x000000070bc00000, 0x000000070bc00000, 0x000000070be00000|  0%| F|  |TAMS 0x000000070bc00000, 0x000000070bc00000| Untracked 
|  15|0x000000070be00000, 0x000000070be00000, 0x000000070c000000|  0%| F|  |TAMS 0x000000070be00000, 0x000000070be00000| Untracked 
|  16|0x000000070c000000, 0x000000070c000000, 0x000000070c200000|  0%| F|  |TAMS 0x000000070c000000, 0x000000070c000000| Untracked 
|  17|0x000000070c200000, 0x000000070c200000, 0x000000070c400000|  0%| F|  |TAMS 0x000000070c200000, 0x000000070c200000| Untracked 
|  18|0x000000070c400000, 0x000000070c400000, 0x000000070c600000|  0%| F|  |TAMS 0x000000070c400000, 0x000000070c400000| Untracked 
|  19|0x000000070c600000, 0x000000070c600000, 0x000000070c800000|  0%| F|  |TAMS 0x000000070c600000, 0x000000070c600000| Untracked 
|  20|0x000000070c800000, 0x000000070c800000, 0x000000070ca00000|  0%| F|  |TAMS 0x000000070c800000, 0x000000070c800000| Untracked 
|  21|0x000000070ca00000, 0x000000070ca00000, 0x000000070cc00000|  0%| F|  |TAMS 0x000000070ca00000, 0x000000070ca00000| Untracked 
|  22|0x000000070cc00000, 0x000000070cc00000, 0x000000070ce00000|  0%| F|  |TAMS 0x000000070cc00000, 0x000000070cc00000| Untracked 
|  23|0x000000070ce00000, 0x000000070ce00000, 0x000000070d000000|  0%| F|  |TAMS 0x000000070ce00000, 0x000000070ce00000| Untracked 
|  24|0x000000070d000000, 0x000000070d000000, 0x000000070d200000|  0%| F|  |TAMS 0x000000070d000000, 0x000000070d000000| Untracked 
|  25|0x000000070d200000, 0x000000070d200000, 0x000000070d400000|  0%| F|  |TAMS 0x000000070d200000, 0x000000070d200000| Untracked 
|  26|0x000000070d400000, 0x000000070d400000, 0x000000070d600000|  0%| F|  |TAMS 0x000000070d400000, 0x000000070d400000| Untracked 
|  27|0x000000070d600000, 0x000000070d600000, 0x000000070d800000|  0%| F|  |TAMS 0x000000070d600000, 0x000000070d600000| Untracked 
|  28|0x000000070d800000, 0x000000070d800000, 0x000000070da00000|  0%| F|  |TAMS 0x000000070d800000, 0x000000070d800000| Untracked 
|  29|0x000000070da00000, 0x000000070da00000, 0x000000070dc00000|  0%| F|  |TAMS 0x000000070da00000, 0x000000070da00000| Untracked 
|  30|0x000000070dc00000, 0x000000070dc00000, 0x000000070de00000|  0%| F|  |TAMS 0x000000070dc00000, 0x000000070dc00000| Untracked 
|  31|0x000000070de00000, 0x000000070de00000, 0x000000070e000000|  0%| F|  |TAMS 0x000000070de00000, 0x000000070de00000| Untracked 
|  32|0x000000070e000000, 0x000000070e000000, 0x000000070e200000|  0%| F|  |TAMS 0x000000070e000000, 0x000000070e000000| Untracked 
|  33|0x000000070e200000, 0x000000070e200000, 0x000000070e400000|  0%| F|  |TAMS 0x000000070e200000, 0x000000070e200000| Untracked 
|  34|0x000000070e400000, 0x000000070e400000, 0x000000070e600000|  0%| F|  |TAMS 0x000000070e400000, 0x000000070e400000| Untracked 
|  35|0x000000070e600000, 0x000000070e600000, 0x000000070e800000|  0%| F|  |TAMS 0x000000070e600000, 0x000000070e600000| Untracked 
|  36|0x000000070e800000, 0x000000070e800000, 0x000000070ea00000|  0%| F|  |TAMS 0x000000070e800000, 0x000000070e800000| Untracked 
|  37|0x000000070ea00000, 0x000000070ea00000, 0x000000070ec00000|  0%| F|  |TAMS 0x000000070ea00000, 0x000000070ea00000| Untracked 
|  38|0x000000070ec00000, 0x000000070ec00000, 0x000000070ee00000|  0%| F|  |TAMS 0x000000070ec00000, 0x000000070ec00000| Untracked 
|  39|0x000000070ee00000, 0x000000070ee00000, 0x000000070f000000|  0%| F|  |TAMS 0x000000070ee00000, 0x000000070ee00000| Untracked 
|  40|0x000000070f000000, 0x000000070f000000, 0x000000070f200000|  0%| F|  |TAMS 0x000000070f000000, 0x000000070f000000| Untracked 
|  41|0x000000070f200000, 0x000000070f200000, 0x000000070f400000|  0%| F|  |TAMS 0x000000070f200000, 0x000000070f200000| Untracked 
|  42|0x000000070f400000, 0x000000070f400000, 0x000000070f600000|  0%| F|  |TAMS 0x000000070f400000, 0x000000070f400000| Untracked 
|  43|0x000000070f600000, 0x000000070f600000, 0x000000070f800000|  0%| F|  |TAMS 0x000000070f600000, 0x000000070f600000| Untracked 
|  44|0x000000070f800000, 0x000000070f800000, 0x000000070fa00000|  0%| F|  |TAMS 0x000000070f800000, 0x000000070f800000| Untracked 
|  45|0x000000070fa00000, 0x000000070fa00000, 0x000000070fc00000|  0%| F|  |TAMS 0x000000070fa00000, 0x000000070fa00000| Untracked 
|  46|0x000000070fc00000, 0x000000070fc00000, 0x000000070fe00000|  0%| F|  |TAMS 0x000000070fc00000, 0x000000070fc00000| Untracked 
|  47|0x000000070fe00000, 0x000000070fe00000, 0x0000000710000000|  0%| F|  |TAMS 0x000000070fe00000, 0x000000070fe00000| Untracked 
|  48|0x0000000710000000, 0x0000000710000000, 0x0000000710200000|  0%| F|  |TAMS 0x0000000710000000, 0x0000000710000000| Untracked 
|  49|0x0000000710200000, 0x0000000710200000, 0x0000000710400000|  0%| F|  |TAMS 0x0000000710200000, 0x0000000710200000| Untracked 
|  50|0x0000000710400000, 0x0000000710400000, 0x0000000710600000|  0%| F|  |TAMS 0x0000000710400000, 0x0000000710400000| Untracked 
|  51|0x0000000710600000, 0x0000000710600000, 0x0000000710800000|  0%| F|  |TAMS 0x0000000710600000, 0x0000000710600000| Untracked 
|  52|0x0000000710800000, 0x0000000710800000, 0x0000000710a00000|  0%| F|  |TAMS 0x0000000710800000, 0x0000000710800000| Untracked 
|  53|0x0000000710a00000, 0x0000000710a00000, 0x0000000710c00000|  0%| F|  |TAMS 0x0000000710a00000, 0x0000000710a00000| Untracked 
|  54|0x0000000710c00000, 0x0000000710c00000, 0x0000000710e00000|  0%| F|  |TAMS 0x0000000710c00000, 0x0000000710c00000| Untracked 
|  55|0x0000000710e00000, 0x0000000710e00000, 0x0000000711000000|  0%| F|  |TAMS 0x0000000710e00000, 0x0000000710e00000| Untracked 
|  56|0x0000000711000000, 0x0000000711000000, 0x0000000711200000|  0%| F|  |TAMS 0x0000000711000000, 0x0000000711000000| Untracked 
|  57|0x0000000711200000, 0x0000000711200000, 0x0000000711400000|  0%| F|  |TAMS 0x0000000711200000, 0x0000000711200000| Untracked 
|  58|0x0000000711400000, 0x0000000711400000, 0x0000000711600000|  0%| F|  |TAMS 0x0000000711400000, 0x0000000711400000| Untracked 
|  59|0x0000000711600000, 0x0000000711600000, 0x0000000711800000|  0%| F|  |TAMS 0x0000000711600000, 0x0000000711600000| Untracked 
|  60|0x0000000711800000, 0x0000000711800000, 0x0000000711a00000|  0%| F|  |TAMS 0x0000000711800000, 0x0000000711800000| Untracked 
|  61|0x0000000711a00000, 0x0000000711a00000, 0x0000000711c00000|  0%| F|  |TAMS 0x0000000711a00000, 0x0000000711a00000| Untracked 
|  62|0x0000000711c00000, 0x0000000711c00000, 0x0000000711e00000|  0%| F|  |TAMS 0x0000000711c00000, 0x0000000711c00000| Untracked 
|  63|0x0000000711e00000, 0x0000000711e00000, 0x0000000712000000|  0%| F|  |TAMS 0x0000000711e00000, 0x0000000711e00000| Untracked 
|  64|0x0000000712000000, 0x0000000712000000, 0x0000000712200000|  0%| F|  |TAMS 0x0000000712000000, 0x0000000712000000| Untracked 
|  65|0x0000000712200000, 0x0000000712200000, 0x0000000712400000|  0%| F|  |TAMS 0x0000000712200000, 0x0000000712200000| Untracked 
|  66|0x0000000712400000, 0x0000000712400000, 0x0000000712600000|  0%| F|  |TAMS 0x0000000712400000, 0x0000000712400000| Untracked 
|  67|0x0000000712600000, 0x0000000712600000, 0x0000000712800000|  0%| F|  |TAMS 0x0000000712600000, 0x0000000712600000| Untracked 
|  68|0x0000000712800000, 0x0000000712800000, 0x0000000712a00000|  0%| F|  |TAMS 0x0000000712800000, 0x0000000712800000| Untracked 
|  69|0x0000000712a00000, 0x0000000712a00000, 0x0000000712c00000|  0%| F|  |TAMS 0x0000000712a00000, 0x0000000712a00000| Untracked 
|  70|0x0000000712c00000, 0x0000000712c00000, 0x0000000712e00000|  0%| F|  |TAMS 0x0000000712c00000, 0x0000000712c00000| Untracked 
|  71|0x0000000712e00000, 0x0000000712e00000, 0x0000000713000000|  0%| F|  |TAMS 0x0000000712e00000, 0x0000000712e00000| Untracked 
|  72|0x0000000713000000, 0x0000000713000000, 0x0000000713200000|  0%| F|  |TAMS 0x0000000713000000, 0x0000000713000000| Untracked 
|  73|0x0000000713200000, 0x0000000713200000, 0x0000000713400000|  0%| F|  |TAMS 0x0000000713200000, 0x0000000713200000| Untracked 
|  74|0x0000000713400000, 0x0000000713400000, 0x0000000713600000|  0%| F|  |TAMS 0x0000000713400000, 0x0000000713400000| Untracked 
|  75|0x0000000713600000, 0x0000000713600000, 0x0000000713800000|  0%| F|  |TAMS 0x0000000713600000, 0x0000000713600000| Untracked 
|  76|0x0000000713800000, 0x0000000713800000, 0x0000000713a00000|  0%| F|  |TAMS 0x0000000713800000, 0x0000000713800000| Untracked 
|  77|0x0000000713a00000, 0x0000000713a00000, 0x0000000713c00000|  0%| F|  |TAMS 0x0000000713a00000, 0x0000000713a00000| Untracked 
|  78|0x0000000713c00000, 0x0000000713c00000, 0x0000000713e00000|  0%| F|  |TAMS 0x0000000713c00000, 0x0000000713c00000| Untracked 
|  79|0x0000000713e00000, 0x0000000713e00000, 0x0000000714000000|  0%| F|  |TAMS 0x0000000713e00000, 0x0000000713e00000| Untracked 
|  80|0x0000000714000000, 0x0000000714000000, 0x0000000714200000|  0%| F|  |TAMS 0x0000000714000000, 0x0000000714000000| Untracked 
|  81|0x0000000714200000, 0x0000000714200000, 0x0000000714400000|  0%| F|  |TAMS 0x0000000714200000, 0x0000000714200000| Untracked 
|  82|0x0000000714400000, 0x0000000714400000, 0x0000000714600000|  0%| F|  |TAMS 0x0000000714400000, 0x0000000714400000| Untracked 
|  83|0x0000000714600000, 0x0000000714600000, 0x0000000714800000|  0%| F|  |TAMS 0x0000000714600000, 0x0000000714600000| Untracked 
|  84|0x0000000714800000, 0x0000000714800000, 0x0000000714a00000|  0%| F|  |TAMS 0x0000000714800000, 0x0000000714800000| Untracked 
|  85|0x0000000714a00000, 0x0000000714a00000, 0x0000000714c00000|  0%| F|  |TAMS 0x0000000714a00000, 0x0000000714a00000| Untracked 
|  86|0x0000000714c00000, 0x0000000714c00000, 0x0000000714e00000|  0%| F|  |TAMS 0x0000000714c00000, 0x0000000714c00000| Untracked 
|  87|0x0000000714e00000, 0x0000000714e00000, 0x0000000715000000|  0%| F|  |TAMS 0x0000000714e00000, 0x0000000714e00000| Untracked 
|  88|0x0000000715000000, 0x0000000715000000, 0x0000000715200000|  0%| F|  |TAMS 0x0000000715000000, 0x0000000715000000| Untracked 
|  89|0x0000000715200000, 0x0000000715200000, 0x0000000715400000|  0%| F|  |TAMS 0x0000000715200000, 0x0000000715200000| Untracked 
|  90|0x0000000715400000, 0x0000000715400000, 0x0000000715600000|  0%| F|  |TAMS 0x0000000715400000, 0x0000000715400000| Untracked 
|  91|0x0000000715600000, 0x0000000715600000, 0x0000000715800000|  0%| F|  |TAMS 0x0000000715600000, 0x0000000715600000| Untracked 
|  92|0x0000000715800000, 0x0000000715800000, 0x0000000715a00000|  0%| F|  |TAMS 0x0000000715800000, 0x0000000715800000| Untracked 
|  93|0x0000000715a00000, 0x0000000715a00000, 0x0000000715c00000|  0%| F|  |TAMS 0x0000000715a00000, 0x0000000715a00000| Untracked 
|  94|0x0000000715c00000, 0x0000000715c00000, 0x0000000715e00000|  0%| F|  |TAMS 0x0000000715c00000, 0x0000000715c00000| Untracked 
|  95|0x0000000715e00000, 0x0000000715e00000, 0x0000000716000000|  0%| F|  |TAMS 0x0000000715e00000, 0x0000000715e00000| Untracked 
|  96|0x0000000716000000, 0x0000000716000000, 0x0000000716200000|  0%| F|  |TAMS 0x0000000716000000, 0x0000000716000000| Untracked 
|  97|0x0000000716200000, 0x0000000716200000, 0x0000000716400000|  0%| F|  |TAMS 0x0000000716200000, 0x0000000716200000| Untracked 
|  98|0x0000000716400000, 0x0000000716400000, 0x0000000716600000|  0%| F|  |TAMS 0x0000000716400000, 0x0000000716400000| Untracked 
|  99|0x0000000716600000, 0x0000000716600000, 0x0000000716800000|  0%| F|  |TAMS 0x0000000716600000, 0x0000000716600000| Untracked 
| 100|0x0000000716800000, 0x0000000716800000, 0x0000000716a00000|  0%| F|  |TAMS 0x0000000716800000, 0x0000000716800000| Untracked 
| 101|0x0000000716a00000, 0x0000000716a00000, 0x0000000716c00000|  0%| F|  |TAMS 0x0000000716a00000, 0x0000000716a00000| Untracked 
| 102|0x0000000716c00000, 0x0000000716c00000, 0x0000000716e00000|  0%| F|  |TAMS 0x0000000716c00000, 0x0000000716c00000| Untracked 
| 103|0x0000000716e00000, 0x0000000716e00000, 0x0000000717000000|  0%| F|  |TAMS 0x0000000716e00000, 0x0000000716e00000| Untracked 
| 104|0x0000000717000000, 0x0000000717000000, 0x0000000717200000|  0%| F|  |TAMS 0x0000000717000000, 0x0000000717000000| Untracked 
| 105|0x0000000717200000, 0x0000000717200000, 0x0000000717400000|  0%| F|  |TAMS 0x0000000717200000, 0x0000000717200000| Untracked 
| 106|0x0000000717400000, 0x0000000717400000, 0x0000000717600000|  0%| F|  |TAMS 0x0000000717400000, 0x0000000717400000| Untracked 
| 107|0x0000000717600000, 0x0000000717600000, 0x0000000717800000|  0%| F|  |TAMS 0x0000000717600000, 0x0000000717600000| Untracked 
| 108|0x0000000717800000, 0x0000000717800000, 0x0000000717a00000|  0%| F|  |TAMS 0x0000000717800000, 0x0000000717800000| Untracked 
| 109|0x0000000717a00000, 0x0000000717a00000, 0x0000000717c00000|  0%| F|  |TAMS 0x0000000717a00000, 0x0000000717a00000| Untracked 
| 110|0x0000000717c00000, 0x0000000717c00000, 0x0000000717e00000|  0%| F|  |TAMS 0x0000000717c00000, 0x0000000717c00000| Untracked 
| 111|0x0000000717e00000, 0x0000000717e00000, 0x0000000718000000|  0%| F|  |TAMS 0x0000000717e00000, 0x0000000717e00000| Untracked 
| 112|0x0000000718000000, 0x0000000718000000, 0x0000000718200000|  0%| F|  |TAMS 0x0000000718000000, 0x0000000718000000| Untracked 
| 113|0x0000000718200000, 0x0000000718200000, 0x0000000718400000|  0%| F|  |TAMS 0x0000000718200000, 0x0000000718200000| Untracked 
| 114|0x0000000718400000, 0x0000000718400000, 0x0000000718600000|  0%| F|  |TAMS 0x0000000718400000, 0x0000000718400000| Untracked 
| 115|0x0000000718600000, 0x0000000718671270, 0x0000000718800000| 22%| E|  |TAMS 0x0000000718600000, 0x0000000718600000| Complete 
| 116|0x0000000718800000, 0x0000000718a00000, 0x0000000718a00000|100%| E|CS|TAMS 0x0000000718800000, 0x0000000718800000| Complete 
| 117|0x0000000718a00000, 0x0000000718c00000, 0x0000000718c00000|100%| E|CS|TAMS 0x0000000718a00000, 0x0000000718a00000| Complete 
| 118|0x0000000718c00000, 0x0000000718e00000, 0x0000000718e00000|100%| E|CS|TAMS 0x0000000718c00000, 0x0000000718c00000| Complete 
| 119|0x0000000718e00000, 0x0000000719000000, 0x0000000719000000|100%| E|CS|TAMS 0x0000000718e00000, 0x0000000718e00000| Complete 
| 120|0x0000000719000000, 0x0000000719200000, 0x0000000719200000|100%| E|CS|TAMS 0x0000000719000000, 0x0000000719000000| Complete 
| 121|0x0000000719200000, 0x0000000719400000, 0x0000000719400000|100%| E|CS|TAMS 0x0000000719200000, 0x0000000719200000| Complete 
| 122|0x0000000719400000, 0x0000000719600000, 0x0000000719600000|100%| E|CS|TAMS 0x0000000719400000, 0x0000000719400000| Complete 

Card table byte_map: [0x000001a8ef2d0000,0x000001a8efa80000] _byte_map_base: 0x000001a8eba80000

Marking Bits (Prev, Next): (CMBitMap*) 0x000001a8d7d9cc40, (CMBitMap*) 0x000001a8d7d9cc80
 Prev Bits: [0x000001a8f0230000, 0x000001a8f3fb0000)
 Next Bits: [0x000001a8f3fb0000, 0x000001a8f7d30000)

Polling page: 0x000001a8d5c80000

Metaspace:

Usage:
  Non-class:      3.47 MB used.
      Class:    279.10 KB used.
       Both:      3.74 MB used.

Virtual space:
  Non-class space:       64.00 MB reserved,       3.56 MB (  6%) committed,  1 nodes.
      Class space:        1.00 GB reserved,     384.00 KB ( <1%) committed,  1 nodes.
             Both:        1.06 GB reserved,       3.94 MB ( <1%) committed. 

Chunk freelists:
   Non-Class:  10.66 MB
       Class:  15.66 MB
        Both:  26.31 MB

MaxMetaspaceSize: unlimited
CompressedClassSpaceSize: 1.00 GB
Initial GC threshold: 21.00 MB
Current GC threshold: 21.00 MB
CDS: on
MetaspaceReclaimPolicy: balanced
 - commit_granule_bytes: 65536.
 - commit_granule_words: 8192.
 - virtual_space_node_default_size: 8388608.
 - enlarge_chunks_in_place: 1.
 - new_chunks_are_fully_committed: 0.
 - uncommit_free_chunks: 1.
 - use_allocation_guard: 0.
 - handle_deallocations: 1.


Internal statistics:

num_allocs_failed_limit: 0.
num_arena_births: 66.
num_arena_deaths: 0.
num_vsnodes_births: 2.
num_vsnodes_deaths: 0.
num_space_committed: 63.
num_space_uncommitted: 0.
num_chunks_returned_to_freelist: 0.
num_chunks_taken_from_freelist: 142.
num_chunk_merges: 0.
num_chunk_splits: 87.
num_chunks_enlarged: 58.
num_inconsistent_stats: 0.

CodeHeap 'non-profiled nmethods': size=120000Kb used=272Kb max_used=272Kb free=119727Kb
 bounds [0x000001a8e70a0000, 0x000001a8e7310000, 0x000001a8ee5d0000]
CodeHeap 'profiled nmethods': size=120000Kb used=1453Kb max_used=1453Kb free=118547Kb
 bounds [0x000001a8df5d0000, 0x000001a8df840000, 0x000001a8e6b00000]
CodeHeap 'non-nmethods': size=5760Kb used=1611Kb max_used=1626Kb free=4148Kb
 bounds [0x000001a8e6b00000, 0x000001a8e6d70000, 0x000001a8e70a0000]
 total_blobs=1889 nmethods=845 adapters=957
 compilation: enabled
              stopped_count=0, restarted_count=0
 full_count=0

Compilation events (20 events):
Event: 1.192 Thread 0x000001a8fa9ce810 nmethod 829 0x000001a8df733510 code [0x000001a8df7336c0, 0x000001a8df7338a8]
Event: 1.192 Thread 0x000001a8fa9ce810  836       3       java.lang.String::indexOf (64 bytes)
Event: 1.192 Thread 0x000001a8fa9ce810 nmethod 836 0x000001a8df733990 code [0x000001a8df733ba0, 0x000001a8df734088]
Event: 1.192 Thread 0x000001a8fa9ce810  837       3       java.net.URLStreamHandler::setURL (73 bytes)
Event: 1.192 Thread 0x000001a8fa9cb1a0  839       4       java.lang.StringLatin1::indexOf (121 bytes)
Event: 1.193 Thread 0x000001a8fa9ce810 nmethod 837 0x000001a8df734210 code [0x000001a8df7344e0, 0x000001a8df735318]
Event: 1.193 Thread 0x000001a8fa9ce810  840       3       sun.nio.fs.NativeBuffers::getNativeBufferFromCache (51 bytes)
Event: 1.194 Thread 0x000001a8fa9ce810 nmethod 840 0x000001a8df735810 code [0x000001a8df735a00, 0x000001a8df736068]
Event: 1.194 Thread 0x000001a8fa9ce810  838       3       jdk.internal.jimage.ImageLocation::verifyName (161 bytes)
Event: 1.195 Thread 0x000001a8fa9ce810 nmethod 838 0x000001a8df736290 code [0x000001a8df7365c0, 0x000001a8df737bd8]
Event: 1.195 Thread 0x000001a8fa9ce810  841       3       java.lang.ClassLoader::getClassLoadingLock (35 bytes)
Event: 1.195 Thread 0x000001a8fa9ce810 nmethod 841 0x000001a8df738510 code [0x000001a8df7386c0, 0x000001a8df7389c8]
Event: 1.195 Thread 0x000001a8fa9ce810  844       3       sun.misc.Unsafe::putLong (11 bytes)
Event: 1.195 Thread 0x000001a8fa9ce810 nmethod 844 0x000001a8df738b10 code [0x000001a8df738ca0, 0x000001a8df738db8]
Event: 1.195 Thread 0x000001a8fa9ce810  845       3       org.lwjgl.system.MemoryUtil::memPutAddress (29 bytes)
Event: 1.195 Thread 0x000001a8fa9ce810 nmethod 845 0x000001a8df738e90 code [0x000001a8df739040, 0x000001a8df739238]
Event: 1.195 Thread 0x000001a8fa9ce810  846   !   3       jdk.internal.loader.BuiltinClassLoader::loadClassOrNull (143 bytes)
Event: 1.196 Thread 0x000001a8fa9ce810 nmethod 846 0x000001a8df739310 code [0x000001a8df739640, 0x000001a8df73ab98]
Event: 1.197 Thread 0x000001a8fa9ce810  842       1       java.lang.NamedPackage::module (5 bytes)
Event: 1.197 Thread 0x000001a8fa9ce810 nmethod 842 0x000001a8e70e3290 code [0x000001a8e70e3420, 0x000001a8e70e34f8]

GC Heap History (0 events):
No events

Deoptimization events (20 events):
Event: 0.353 Thread 0x000001a8d7d34bd0 DEOPT PACKING pc=0x000001a8e70addb4 sp=0x0000002c7d3fb960
Event: 0.353 Thread 0x000001a8d7d34bd0 DEOPT UNPACKING pc=0x000001a8e6b523a3 sp=0x0000002c7d3fb940 mode 2
Event: 0.355 Thread 0x000001a8d7d34bd0 Uncommon trap: trap_request=0xffffff45 fr.pc=0x000001a8e70ce574 relative=0x0000000000000254
Event: 0.355 Thread 0x000001a8d7d34bd0 Uncommon trap: reason=unstable_if action=reinterpret pc=0x000001a8e70ce574 method=java.lang.String.startsWith(Ljava/lang/String;I)Z @ 14 c2
Event: 0.355 Thread 0x000001a8d7d34bd0 DEOPT PACKING pc=0x000001a8e70ce574 sp=0x0000002c7d3fbce0
Event: 0.355 Thread 0x000001a8d7d34bd0 DEOPT UNPACKING pc=0x000001a8e6b523a3 sp=0x0000002c7d3fbc40 mode 2
Event: 0.398 Thread 0x000001a8d7d34bd0 Uncommon trap: trap_request=0xffffffde fr.pc=0x000001a8e70bf950 relative=0x0000000000000390
Event: 0.398 Thread 0x000001a8d7d34bd0 Uncommon trap: reason=class_check action=maybe_recompile pc=0x000001a8e70bf950 method=java.util.HashMap.getNode(Ljava/lang/Object;)Ljava/util/HashMap$Node; @ 63 c2
Event: 0.398 Thread 0x000001a8d7d34bd0 DEOPT PACKING pc=0x000001a8e70bf950 sp=0x0000002c7d3fbbb0
Event: 0.398 Thread 0x000001a8d7d34bd0 DEOPT UNPACKING pc=0x000001a8e6b523a3 sp=0x0000002c7d3fbac8 mode 2
Event: 0.420 Thread 0x000001a8d7d34bd0 Uncommon trap: trap_request=0xffffffde fr.pc=0x000001a8e70bf950 relative=0x0000000000000390
Event: 0.420 Thread 0x000001a8d7d34bd0 Uncommon trap: reason=class_check action=maybe_recompile pc=0x000001a8e70bf950 method=java.util.HashMap.getNode(Ljava/lang/Object;)Ljava/util/HashMap$Node; @ 63 c2
Event: 0.420 Thread 0x000001a8d7d34bd0 DEOPT PACKING pc=0x000001a8e70bf950 sp=0x0000002c7d3fdd90
Event: 0.420 Thread 0x000001a8d7d34bd0 DEOPT UNPACKING pc=0x000001a8e6b523a3 sp=0x0000002c7d3fdca8 mode 2
Event: 1.137 Thread 0x000001a8d7d34bd0 Uncommon trap: trap_request=0xffffffde fr.pc=0x000001a8e70bf950 relative=0x0000000000000390
Event: 1.137 Thread 0x000001a8d7d34bd0 Uncommon trap: reason=class_check action=maybe_recompile pc=0x000001a8e70bf950 method=java.util.HashMap.getNode(Ljava/lang/Object;)Ljava/util/HashMap$Node; @ 63 c2
Event: 1.137 Thread 0x000001a8d7d34bd0 DEOPT PACKING pc=0x000001a8e70bf950 sp=0x0000002c7d3fd3d0
Event: 1.137 Thread 0x000001a8d7d34bd0 DEOPT UNPACKING pc=0x000001a8e6b523a3 sp=0x0000002c7d3fd2e8 mode 2
Event: 1.192 Thread 0x000001a8d7d34bd0 DEOPT PACKING pc=0x000001a8df60c165 sp=0x0000002c7d3fcef0
Event: 1.192 Thread 0x000001a8d7d34bd0 DEOPT UNPACKING pc=0x000001a8e6b52b43 sp=0x0000002c7d3fc340 mode 0

Classes unloaded (0 events):
No events

Classes redefined (0 events):
No events

Internal exceptions (20 events):
Event: 0.385 Thread 0x000001a8d7d34bd0 Exception <a 'java/lang/NoSuchMethodError'{0x0000000718aa4058}: 'java.lang.Object java.lang.invoke.Invokers$Holder.linkToTargetMethod(java.lang.Object, long, java.lang.Object)'> (0x0000000718aa4058) 
thrown [s\open\src\hotspot\share\interpreter\linkResolver.cpp, line 759]
Event: 0.386 Thread 0x000001a8d7d34bd0 Exception <a 'java/lang/NoSuchMethodError'{0x0000000718aab770}: 'int java.lang.invoke.DirectMethodHandle$Holder.invokeStaticInit(java.lang.Object, java.lang.Object, java.lang.Object, long)'> (0x0000000718aab770) 
thrown [s\open\src\hotspot\share\interpreter\linkResolver.cpp, line 759]
Event: 0.402 Thread 0x000001a8d7d34bd0 Exception <a 'sun/nio/fs/WindowsException'{0x0000000718b150c8}> (0x0000000718b150c8) 
thrown [s\open\src\hotspot\share\prims\jni.cpp, line 516]
Event: 0.402 Thread 0x000001a8d7d34bd0 Exception <a 'sun/nio/fs/WindowsException'{0x0000000718b15450}> (0x0000000718b15450) 
thrown [s\open\src\hotspot\share\prims\jni.cpp, line 516]
Event: 0.424 Thread 0x000001a8d7d34bd0 Exception <a 'sun/nio/fs/WindowsException'{0x0000000718bb9210}> (0x0000000718bb9210) 
thrown [s\open\src\hotspot\share\prims\jni.cpp, line 516]
Event: 0.424 Thread 0x000001a8d7d34bd0 Exception <a 'sun/nio/fs/WindowsException'{0x0000000718bb9568}> (0x0000000718bb9568) 
thrown [s\open\src\hotspot\share\prims\jni.cpp, line 516]
Event: 1.137 Thread 0x000001a8d7d34bd0 Exception <a 'sun/nio/fs/WindowsException'{0x0000000718881a10}> (0x0000000718881a10) 
thrown [s\open\src\hotspot\share\prims\jni.cpp, line 516]
Event: 1.137 Thread 0x000001a8d7d34bd0 Exception <a 'sun/nio/fs/WindowsException'{0x0000000718881ce0}> (0x0000000718881ce0) 
thrown [s\open\src\hotspot\share\prims\jni.cpp, line 516]
Event: 1.137 Thread 0x000001a8d7d34bd0 Exception <a 'sun/nio/fs/WindowsException'{0x0000000718882758}> (0x0000000718882758) 
thrown [s\open\src\hotspot\share\prims\jni.cpp, line 516]
Event: 1.138 Thread 0x000001a8d7d34bd0 Exception <a 'sun/nio/fs/WindowsException'{0x0000000718889820}> (0x0000000718889820) 
thrown [s\open\src\hotspot\share\prims\jni.cpp, line 516]
Event: 1.146 Thread 0x000001a8d7d34bd0 Exception <a 'sun/nio/fs/WindowsException'{0x000000071888c758}> (0x000000071888c758) 
thrown [s\open\src\hotspot\share\prims\jni.cpp, line 516]
Event: 1.146 Thread 0x000001a8d7d34bd0 Exception <a 'sun/nio/fs/WindowsException'{0x000000071888cac8}> (0x000000071888cac8) 
thrown [s\open\src\hotspot\share\prims\jni.cpp, line 516]
Event: 1.183 Thread 0x000001a8d7d34bd0 Exception <a 'sun/nio/fs/WindowsException'{0x00000007189e6000}> (0x00000007189e6000) 
thrown [s\open\src\hotspot\share\prims\jni.cpp, line 516]
Event: 1.183 Thread 0x000001a8d7d34bd0 Exception <a 'sun/nio/fs/WindowsException'{0x00000007189e62e8}> (0x00000007189e62e8) 
thrown [s\open\src\hotspot\share\prims\jni.cpp, line 516]
Event: 1.183 Thread 0x000001a8d7d34bd0 Exception <a 'sun/nio/fs/WindowsException'{0x00000007189e6ba0}> (0x00000007189e6ba0) 
thrown [s\open\src\hotspot\share\prims\jni.cpp, line 516]
Event: 1.183 Thread 0x000001a8d7d34bd0 Exception <a 'sun/nio/fs/WindowsException'{0x00000007189ed7c0}> (0x00000007189ed7c0) 
thrown [s\open\src\hotspot\share\prims\jni.cpp, line 516]
Event: 1.186 Thread 0x000001a8d7d34bd0 Exception <a 'sun/nio/fs/WindowsException'{0x00000007189f0570}> (0x00000007189f0570) 
thrown [s\open\src\hotspot\share\prims\jni.cpp, line 516]
Event: 1.187 Thread 0x000001a8d7d34bd0 Exception <a 'sun/nio/fs/WindowsException'{0x00000007189f0900}> (0x00000007189f0900) 
thrown [s\open\src\hotspot\share\prims\jni.cpp, line 516]
Event: 1.193 Thread 0x000001a8d7d34bd0 Exception <a 'sun/nio/fs/WindowsException'{0x0000000718604498}> (0x0000000718604498) 
thrown [s\open\src\hotspot\share\prims\jni.cpp, line 516]
Event: 1.193 Thread 0x000001a8d7d34bd0 Exception <a 'sun/nio/fs/WindowsException'{0x0000000718604768}> (0x0000000718604768) 
thrown [s\open\src\hotspot\share\prims\jni.cpp, line 516]

VM Operations (10 events):
Event: 0.116 Executing VM operation: HandshakeAllThreads
Event: 0.116 Executing VM operation: HandshakeAllThreads done
Event: 0.253 Executing VM operation: HandshakeAllThreads
Event: 0.253 Executing VM operation: HandshakeAllThreads done
Event: 0.280 Executing VM operation: HandshakeAllThreads
Event: 0.280 Executing VM operation: HandshakeAllThreads done
Event: 0.309 Executing VM operation: HandshakeAllThreads
Event: 0.309 Executing VM operation: HandshakeAllThreads done
Event: 0.326 Executing VM operation: HandshakeAllThreads
Event: 0.326 Executing VM operation: HandshakeAllThreads done

Events (20 events):
Event: 1.135 loading class java/time/DayOfWeek
Event: 1.136 loading class java/time/DayOfWeek done
Event: 1.136 loading class java/time/zone/ZoneOffsetTransitionRule$TimeDefinition
Event: 1.136 loading class java/time/zone/ZoneOffsetTransitionRule$TimeDefinition done
Event: 1.136 loading class java/time/zone/ZoneOffsetTransition
Event: 1.136 loading class java/time/zone/ZoneOffsetTransition done
Event: 1.137 loading class sun/util/cldr/CLDRBaseLocaleDataMetaInfo$TZCanonicalIDMapHolder
Event: 1.137 loading class java/nio/file/FileAlreadyExistsException
Event: 1.137 loading class java/nio/file/FileAlreadyExistsException done
Event: 1.137 loading class sun/util/cldr/CLDRBaseLocaleDataMetaInfo$TZCanonicalIDMapHolder done
Event: 1.137 loading class java/nio/file/StandardCopyOption
Event: 1.137 loading class java/nio/file/StandardCopyOption done
Event: 1.138 loading class sun/util/resources/TimeZoneNames
Event: 1.138 loading class sun/util/resources/TimeZoneNames done
Event: 1.139 loading class sun/util/resources/TimeZoneNames_en
Event: 1.139 loading class sun/util/resources/TimeZoneNames_en done
Event: 1.150 Loaded shared library C:\Users\user\AppData\Local\Temp\lwjgl_user\3.3.4+7\x64\lwjgl_stb.dll
Event: 1.151 loading class jdk/internal/misc/ScopedMemoryAccess$Scope
Event: 1.151 loading class jdk/internal/misc/ScopedMemoryAccess$Scope done
Event: 1.189 Loaded shared library C:\Users\user\AppData\Local\Temp\lwjgl_user\3.3.4+7\x64\lwjgl_opengl.dll


Dynamic libraries:
0x00007ff78fda0000 - 0x00007ff78fdb0000 	C:\Program Files\Java\jdk-17\bin\java.exe
0x00007ff85b330000 - 0x00007ff85b528000 	C:\WINDOWS\SYSTEM32\ntdll.dll
0x00007ff85a740000 - 0x00007ff85a801000 	C:\WINDOWS\System32\KERNEL32.DLL
0x00007ff858a80000 - 0x00007ff858d7d000 	C:\WINDOWS\System32\KERNELBASE.dll
0x00007ff859080000 - 0x00007ff859180000 	C:\WINDOWS\System32\ucrtbase.dll
0x00007ff834d60000 - 0x00007ff834d79000 	C:\Program Files\Java\jdk-17\bin\jli.dll
0x00007ff834cd0000 - 0x00007ff834ceb000 	C:\Program Files\Java\jdk-17\bin\VCRUNTIME140.dll
0x00007ff85a9f0000 - 0x00007ff85aaa0000 	C:\WINDOWS\System32\ADVAPI32.dll
0x00007ff85a290000 - 0x00007ff85a32e000 	C:\WINDOWS\System32\msvcrt.dll
0x00007ff859b30000 - 0x00007ff859bd0000 	C:\WINDOWS\System32\sechost.dll
0x00007ff85b1c0000 - 0x00007ff85b2e3000 	C:\WINDOWS\System32\RPCRT4.dll
0x00007ff859180000 - 0x00007ff8591a7000 	C:\WINDOWS\System32\bcrypt.dll
0x00007ff85b020000 - 0x00007ff85b1bd000 	C:\WINDOWS\System32\USER32.dll
0x00007ff8589e0000 - 0x00007ff858a02000 	C:\WINDOWS\System32\win32u.dll
0x00007ff847e90000 - 0x00007ff84812a000 	C:\WINDOWS\WinSxS\amd64_microsoft.windows.common-controls_6595b64144ccf1df_6.0.19041.4355_none_60b8b9eb71f62e16\COMCTL32.dll
0x00007ff85aaa0000 - 0x00007ff85aacb000 	C:\WINDOWS\System32\GDI32.dll
0x00007ff858f60000 - 0x00007ff859077000 	C:\WINDOWS\System32\gdi32full.dll
0x00007ff858e30000 - 0x00007ff858ecd000 	C:\WINDOWS\System32\msvcp_win.dll
0x00007ff84f3a0000 - 0x00007ff84f3aa000 	C:\WINDOWS\SYSTEM32\VERSION.dll
0x00007ff85abb0000 - 0x00007ff85abdf000 	C:\WINDOWS\System32\IMM32.DLL
0x00007ff844db0000 - 0x00007ff844dbc000 	C:\Program Files\Java\jdk-17\bin\vcruntime140_1.dll
0x00007ff81df30000 - 0x00007ff81dfbe000 	C:\Program Files\Java\jdk-17\bin\msvcp140.dll
0x00007ff81c660000 - 0x00007ff81d241000 	C:\Program Files\Java\jdk-17\bin\server\jvm.dll
0x00007ff85acc0000 - 0x00007ff85acc8000 	C:\WINDOWS\System32\PSAPI.DLL
0x00007ff84f3b0000 - 0x00007ff84f3d7000 	C:\WINDOWS\SYSTEM32\WINMM.dll
0x00007ff8416e0000 - 0x00007ff8416e9000 	C:\WINDOWS\SYSTEM32\WSOCK32.dll
0x00007ff85a1b0000 - 0x00007ff85a21b000 	C:\WINDOWS\System32\WS2_32.dll
0x00007ff856860000 - 0x00007ff856872000 	C:\WINDOWS\SYSTEM32\kernel.appcore.dll
0x00007ff844d80000 - 0x00007ff844d8a000 	C:\Program Files\Java\jdk-17\bin\jimage.dll
0x00007ff84b370000 - 0x00007ff84b554000 	C:\WINDOWS\SYSTEM32\DBGHELP.DLL
0x00007ff8437e0000 - 0x00007ff843814000 	C:\WINDOWS\SYSTEM32\dbgcore.DLL
0x00007ff858ed0000 - 0x00007ff858f52000 	C:\WINDOWS\System32\bcryptPrimitives.dll
0x00007ff855870000 - 0x00007ff85587e000 	C:\Program Files\Java\jdk-17\bin\instrument.dll
0x00007ff8317e0000 - 0x00007ff831805000 	C:\Program Files\Java\jdk-17\bin\java.dll
0x00007ff81c580000 - 0x00007ff81c657000 	C:\Program Files\Java\jdk-17\bin\jsvml.dll
0x00007ff859360000 - 0x00007ff859acf000 	C:\WINDOWS\System32\SHELL32.dll
0x00007ff856a60000 - 0x00007ff8571ff000 	C:\WINDOWS\SYSTEM32\windows.storage.dll
0x00007ff85a3e0000 - 0x00007ff85a733000 	C:\WINDOWS\System32\combase.dll
0x00007ff858400000 - 0x00007ff85842e000 	C:\WINDOWS\SYSTEM32\Wldp.dll
0x00007ff85abf0000 - 0x00007ff85acbd000 	C:\WINDOWS\System32\OLEAUT32.dll
0x00007ff85a330000 - 0x00007ff85a3dd000 	C:\WINDOWS\System32\SHCORE.dll
0x00007ff85a220000 - 0x00007ff85a275000 	C:\WINDOWS\System32\shlwapi.dll
0x00007ff858910000 - 0x00007ff858934000 	C:\WINDOWS\SYSTEM32\profapi.dll
0x00007ff831e20000 - 0x00007ff831e38000 	C:\Program Files\Java\jdk-17\bin\zip.dll
0x00007ff834be0000 - 0x00007ff834bf9000 	C:\Program Files\Java\jdk-17\bin\net.dll
0x00007ff852970000 - 0x00007ff852a7d000 	C:\WINDOWS\SYSTEM32\WINHTTP.dll
0x00007ff858160000 - 0x00007ff8581ca000 	C:\WINDOWS\system32\mswsock.dll
0x00007ff833060000 - 0x00007ff833076000 	C:\Program Files\Java\jdk-17\bin\nio.dll
0x00007ff8310c0000 - 0x00007ff8310da000 	C:\Program Files\JetBrains\IntelliJ IDEA Community Edition 2022.1.3\bin\breakgen64.dll
0x00007ff8250f0000 - 0x00007ff82516b000 	C:\Users\user\AppData\Local\Temp\lwjgl_user\3.3.4+7\x64\lwjgl.dll
0x00007ff8176a0000 - 0x00007ff817911000 	C:\Users\user\AppData\Local\Temp\lwjgl_user\3.3.4+7\x64\jemalloc.dll
0x00007ff824fd0000 - 0x00007ff825055000 	C:\Users\user\AppData\Local\Temp\lwjgl_user\3.3.4+7\x64\glfw.dll
0x00007ff829ed0000 - 0x00007ff829f15000 	C:\WINDOWS\SYSTEM32\dinput8.dll
0x00007ff822d80000 - 0x00007ff822d91000 	C:\WINDOWS\SYSTEM32\xinput1_4.dll
0x00007ff8591b0000 - 0x00007ff8591fe000 	C:\WINDOWS\System32\cfgmgr32.dll
0x00007ff858760000 - 0x00007ff858793000 	C:\WINDOWS\SYSTEM32\DEVOBJ.dll
0x00007ff856560000 - 0x00007ff85658f000 	C:\WINDOWS\SYSTEM32\dwmapi.dll
0x00007ff834fd0000 - 0x00007ff835122000 	C:\WINDOWS\SYSTEM32\inputhost.dll
0x00007ff854ac0000 - 0x00007ff854bb2000 	C:\WINDOWS\SYSTEM32\CoreMessaging.dll
0x00007ff854200000 - 0x00007ff8542f6000 	C:\WINDOWS\SYSTEM32\PROPSYS.dll
0x00007ff854090000 - 0x00007ff8541e7000 	C:\WINDOWS\SYSTEM32\wintypes.dll
0x00007ff852b80000 - 0x00007ff852edb000 	C:\WINDOWS\SYSTEM32\CoreUIComponents.dll
0x00007ff857b30000 - 0x00007ff857b63000 	C:\WINDOWS\SYSTEM32\ntmarta.dll
0x00007ff8562d0000 - 0x00007ff85636e000 	C:\WINDOWS\system32\uxtheme.dll
0x00007ff85acd0000 - 0x00007ff85ade4000 	C:\WINDOWS\System32\MSCTF.dll
0x00007ff81dfc0000 - 0x00007ff81e0e8000 	C:\WINDOWS\SYSTEM32\opengl32.dll
0x00007ff838b00000 - 0x00007ff838b2c000 	C:\WINDOWS\SYSTEM32\GLU32.dll
0x00007ff85a810000 - 0x00007ff85a8b9000 	C:\WINDOWS\System32\clbcatq.dll
0x00007ff825170000 - 0x00007ff82519a000 	C:\WINDOWS\System32\DriverStore\FileRepository\u0357176.inf_amd64_828ff99cacd4aa89\B356563\atig6pxx.dll
0x00007fffdd3b0000 - 0x00007fffe0096000 	C:\WINDOWS\System32\DriverStore\FileRepository\u0357176.inf_amd64_828ff99cacd4aa89\B356563\atio6axx.dll
0x00007ff859c60000 - 0x00007ff85a0ce000 	C:\WINDOWS\System32\SETUPAPI.dll
0x00007ff85a8c0000 - 0x00007ff85a9eb000 	C:\WINDOWS\System32\ole32.dll
0x00007ff82c870000 - 0x00007ff82c894000 	C:\WINDOWS\SYSTEM32\dxva2.dll
0x00007ff8253c0000 - 0x00007ff8253fc000 	C:\WINDOWS\System32\DriverStore\FileRepository\u0357176.inf_amd64_828ff99cacd4aa89\B356563\atig6txx.dll
0x00007ff81c010000 - 0x00007ff81c1c9000 	C:\WINDOWS\SYSTEM32\atiadlxx.dll
0x00007ff858a10000 - 0x00007ff858a79000 	C:\WINDOWS\System32\WINTRUST.dll
0x00007ff859200000 - 0x00007ff85935e000 	C:\WINDOWS\System32\CRYPT32.dll
0x00007ff858590000 - 0x00007ff8585a2000 	C:\WINDOWS\SYSTEM32\MSASN1.dll
0x00007ff855400000 - 0x00007ff85543b000 	C:\WINDOWS\SYSTEM32\dxcore.dll
0x00007ff83a560000 - 0x00007ff83a659000 	C:\WINDOWS\SYSTEM32\textinputframework.dll
0x00007ff823db0000 - 0x00007ff823e50000 	C:\Users\user\AppData\Local\Temp\lwjgl_user\3.3.4+7\x64\lwjgl_stb.dll
0x00007ff824310000 - 0x00007ff824371000 	C:\Users\user\AppData\Local\Temp\lwjgl_user\3.3.4+7\x64\lwjgl_opengl.dll

dbghelp: loaded successfully - version: 4.0.5 - missing functions: none
symbol engine: initialized successfully - sym options: 0x614 - pdb path: .;C:\Program Files\Java\jdk-17\bin;C:\WINDOWS\SYSTEM32;C:\WINDOWS\WinSxS\amd64_microsoft.windows.common-controls_6595b64144ccf1df_6.0.19041.4355_none_60b8b9eb71f62e16;C:\Program Files\Java\jdk-17\bin\server;C:\Program Files\JetBrains\IntelliJ IDEA Community Edition 2022.1.3\bin;C:\Users\user\AppData\Local\Temp\lwjgl_user\3.3.4+7\x64;C:\WINDOWS\System32\DriverStore\FileRepository\u0357176.inf_amd64_828ff99cacd4aa89\B356563

VM Arguments:
jvm_args: -javaagent:C:\Program Files\JetBrains\IntelliJ IDEA Community Edition 2022.1.3\lib\idea_rt.jar=16011:C:\Program Files\JetBrains\IntelliJ IDEA Community Edition 2022.1.3\bin -Dfile.encoding=UTF-8 
java_command: org.example.TexturedSquare
java_class_path (initial): C:\Users\user\Desktop\GameTest\target\classes;C:\Users\user\.m2\repository\org\lwjgl\lwjgl\3.3.4\lwjgl-3.3.4.jar;C:\Users\user\.m2\repository\org\lwjgl\lwjgl-assimp\3.3.4\lwjgl-assimp-3.3.4.jar;C:\Users\user\.m2\repository\org\lwjgl\lwjgl-bgfx\3.3.4\lwjgl-bgfx-3.3.4.jar;C:\Users\user\.m2\repository\org\lwjgl\lwjgl-cuda\3.3.4\lwjgl-cuda-3.3.4.jar;C:\Users\user\.m2\repository\org\lwjgl\lwjgl-egl\3.3.4\lwjgl-egl-3.3.4.jar;C:\Users\user\.m2\repository\org\lwjgl\lwjgl-fmod\3.3.4\lwjgl-fmod-3.3.4.jar;C:\Users\user\.m2\repository\org\lwjgl\lwjgl-freetype\3.3.4\lwjgl-freetype-3.3.4.jar;C:\Users\user\.m2\repository\org\lwjgl\lwjgl-glfw\3.3.4\lwjgl-glfw-3.3.4.jar;C:\Users\user\.m2\repository\org\lwjgl\lwjgl-harfbuzz\3.3.4\lwjgl-harfbuzz-3.3.4.jar;C:\Users\user\.m2\repository\org\lwjgl\lwjgl-hwloc\3.3.4\lwjgl-hwloc-3.3.4.jar;C:\Users\user\.m2\repository\org\lwjgl\lwjgl-jawt\3.3.4\lwjgl-jawt-3.3.4.jar;C:\Users\user\.m2\repository\org\lwjgl\lwjgl-jemalloc\3.3.4\lwjgl-jemalloc-3.3.4.jar;C:\Users\user\.m2\repository\org\lwjgl\lwjgl-ktx\3.3.4\lwjgl-ktx-3.3.4.jar;C:\Users\user\.m2\repository\org\lwjgl\lwjgl-libdivide\3.3.4\lwjgl-libdivide-3.3.4.jar;C:\Users\user\.m2\repository\org\lwjgl\lwjgl-llvm\3.3.4\lwjgl-llvm-3.3.4.jar;C:\Users\user\.m2\repository\org\lwjgl\lwjgl-lmdb\3.3.4\lwjgl-lmdb-3.3.4.jar;C:\Users\user\.m2\repository\org\lwjgl\lwjgl-lz4\3.3.4\lwjgl-lz4-3.3.4.jar;C:\Users\user\.m2\repository\org\lwjgl\lwjgl-meow\3.3.4\lwjgl-meow-3.3.4.jar;C:\Users\user\.m2\repository\org\lwjgl\lwjgl-meshoptimizer\3.3.4\lwjgl-meshoptimizer-3.3.4.jar;C:\Users\user\.m2\repository\org\lwjgl\lwjgl-msdfgen\3.3.4\lwjgl-msdfgen-3.3.4.jar;C:\Users\user\.m2\repository\org\lwjgl\lwjgl-nanovg\3.3.4\lwjgl-nanovg-3.3.4.jar;C:\Users\user\.m2\repository\org\lwjgl\lwjgl-nfd\3.3.4\lwjgl-nfd-3.3.4.jar;C:\Users\user\.m2\repository\org\lwjgl\lwjgl-nuklear\3.3.4\lwjgl-nuklear-3.3.4.jar;C:\Users\user\.m2\repository\org\lwjgl\lwjgl-odbc\3.3.4\lwjgl-odbc-3.3.4.jar;C:\Users\user\.m2\rep
Launcher Type: SUN_STANDARD

[Global flags]
     intx CICompilerCount                          = 4                                         {product} {ergonomic}
     uint ConcGCThreads                            = 3                                         {product} {ergonomic}
     uint G1ConcRefinementThreads                  = 10                                        {product} {ergonomic}
   size_t G1HeapRegionSize                         = 2097152                                   {product} {ergonomic}
    uintx GCDrainStackTargetSize                   = 64                                        {product} {ergonomic}
   size_t InitialHeapSize                          = 257949696                                 {product} {ergonomic}
   size_t MarkStackSize                            = 4194304                                   {product} {ergonomic}
   size_t MaxHeapSize                              = 4127195136                                {product} {ergonomic}
   size_t MaxNewSize                               = 2474639360                                {product} {ergonomic}
   size_t MinHeapDeltaBytes                        = 2097152                                   {product} {ergonomic}
   size_t MinHeapSize                              = 8388608                                   {product} {ergonomic}
    uintx NonNMethodCodeHeapSize                   = 5839372                                {pd product} {ergonomic}
    uintx NonProfiledCodeHeapSize                  = 122909434                              {pd product} {ergonomic}
    uintx ProfiledCodeHeapSize                     = 122909434                              {pd product} {ergonomic}
    uintx ReservedCodeCacheSize                    = 251658240                              {pd product} {ergonomic}
     bool SegmentedCodeCache                       = true                                      {product} {ergonomic}
   size_t SoftMaxHeapSize                          = 4127195136                             {manageable} {ergonomic}
     bool UseCompressedClassPointers               = true                           {product lp64_product} {ergonomic}
     bool UseCompressedOops                        = true                           {product lp64_product} {ergonomic}
     bool UseG1GC                                  = true                                      {product} {ergonomic}
     bool UseLargePagesIndividualAllocation        = false                                  {pd product} {ergonomic}

Logging:
Log output configuration:
 #0: stdout all=warning uptime,level,tags
 #1: stderr all=off uptime,level,tags

Environment Variables:
PATH=C:\Program Files (x86)\VMware\VMware Workstation\bin\;C:\Program Files\Common Files\Oracle\Java\javapath;C:\Program Files (x86)\Common Files\Oracle\Java\javapath;C:\ProgramData\Oracle\Java\javapath;C:\WINDOWS\system32;C:\WINDOWS;C:\WINDOWS\System32\Wbem;C:\WINDOWS\System32\WindowsPowerShell\v1.0\;C:\WINDOWS\System32\OpenSSH\;C:\Program Files\Git\cmd;C:\Program Files\MySQL\MySQL Server 8.0\bin;;C:\Program Files\NVIDIA Corporation\NVIDIA NvDLISR;C:\Program Files (x86)\NVIDIA Corporation\PhysX\Common;C:\Program Files\MySQL\MySQL Shell 8.0\bin\;C:\Users\user\AppData\Local\Programs\Python\Python310\Scripts\;C:\Users\user\AppData\Local\Programs\Python\Python310\;C:\Users\user\AppData\Local\Microsoft\WindowsApps;C:\Program Files\Java\jdk1.8.0_333;C:\Program Files\JetBrains\IntelliJ IDEA Community Edition 2022.1.3\bin;;C:\Users\user\AppData\Local\Programs\Microsoft VS Code\bin;C:\AndroBugs_Framework;C:\Users\user\AppData\Local\GitHubDesktop\bin;C:\Program Files\MySQL\MySQL Server 8.0\bin;C:\Program Files\Tesseract-OCR;
USERNAME=user
OS=Windows_NT
PROCESSOR_IDENTIFIER=AMD64 Family 23 Model 96 Stepping 1, AuthenticAMD



---------------  S Y S T E M  ---------------

OS:
 Windows 10 , 64 bit Build 19041 (10.0.19041.4717)
OS uptime: 0 days 9:24 hours

CPU: total 12 (initial active 12) (12 cores per cpu, 2 threads per core) family 23 model 96 stepping 1 microcode 0x0, cx8, cmov, fxsr, ht, mmx, 3dnowpref, sse, sse2, sse3, ssse3, sse4a, sse4.1, sse4.2, popcnt, lzcnt, tsc, tscinvbit, avx, avx2, aes, clmul, bmi1, bmi2, adx, sha, fma, vzeroupper, clflush, clflushopt

Memory: 4k page, system-wide physical 15741M (2317M free)
TotalPageFile size 28029M (AvailPageFile size 7483M)
current process WorkingSet (physical memory assigned to process): 105M, peak: 105M
current process commit charge ("private bytes"): 432M, peak: 432M

vm_info: Java HotSpot(TM) 64-Bit Server VM (17.0.9+11-LTS-201) for windows-amd64 JRE (17.0.9+11-LTS-201), built on Oct 10 2023 23:16:06 by "mach5one" with MS VC++ 17.1 (VS2022)

END.
