#
# A fatal error has been detected by the Java Runtime Environment:
#
#  EXCEPTION_ACCESS_VIOLATION (0xc0000005) at pc=0x00007ff823c2d39a, pid=21228, tid=21312
#
# JRE version: Java(TM) SE Runtime Environment (17.0.9+11) (build 17.0.9+11-LTS-201)
# Java VM: Java HotSpot(TM) 64-Bit Server VM (17.0.9+11-LTS-201, mixed mode, sharing, tiered, compressed oops, compressed class ptrs, g1 gc, windows-amd64)
# Problematic frame:
# C  [lwjgl_opengl.dll+0xd39a]
#
# No core dump will be written. Minidumps are not enabled by default on client versions of Windows
#
# If you would like to submit a bug report, please visit:
#   https://bugreport.java.com/bugreport/crash.jsp
# The crash happened outside the Java Virtual Machine in native code.
# See problematic frame for where to report the bug.
#

---------------  S U M M A R Y ------------

Command Line: -javaagent:C:\Program Files\JetBrains\IntelliJ IDEA Community Edition 2022.1.3\lib\idea_rt.jar=16191:C:\Program Files\JetBrains\IntelliJ IDEA Community Edition 2022.1.3\bin -Dfile.encoding=UTF-8 org.example.TexturedSquare

Host: AMD Ryzen 5 4600H with Radeon Graphics         , 12 cores, 15G,  Windows 10 , 64 bit Build 19041 (10.0.19041.4717)
Time: Tue Sep 10 20:12:36 2024 FLE Daylight Time elapsed time: 1.389251 seconds (0d 0h 0m 1s)

---------------  T H R E A D  ---------------

Current thread (0x0000027b91093b20):  JavaThread "main" [_thread_in_native, id=21312, stack(0x0000009e89200000,0x0000009e89300000)]

Stack: [0x0000009e89200000,0x0000009e89300000],  sp=0x0000009e892feef8,  free space=1019k
Native frames: (J=compiled Java code, j=interpreted, Vv=VM code, C=native code)
C  [lwjgl_opengl.dll+0xd39a]

Java frames: (J=compiled Java code, j=interpreted, Vv=VM code)
j  org.lwjgl.opengl.GL11C.nglGenTextures(IJ)V+0
j  org.lwjgl.opengl.GL11C.glGenTextures()I+20
j  org.lwjgl.opengl.GL11.glGenTextures()I+0
j  org.example.TexturedSquare.loadTexture(Ljava/lang/String;)V+91
j  org.example.TexturedSquare.run()V+7
j  org.example.TexturedSquare.main([Ljava/lang/String;)V+7
v  ~StubRoutines::call_stub

siginfo: EXCEPTION_ACCESS_VIOLATION (0xc0000005), reading address 0x00000000000002d8


Register to memory mapping:

RIP=0x00007ff823c2d39a lwjgl_opengl.dll
RAX=0x0 is NULL
RBX={method} {0x0000027bf554f258} 'nglGenTextures' '(IJ)V' in 'org/lwjgl/opengl/GL11C'
RCX=0x0000027b91093dd0 points into unknown readable memory: 0x0000027bf9823870 | 70 38 82 f9 7b 02 00 00
RDX=0x0000027bf9936b70 points into unknown readable memory: 0x0000000300000000 | 00 00 00 00 03 00 00 00
RSP=0x0000009e892feef8 is pointing into the stack for thread: 0x0000027b91093b20
RBP=0x0000009e892fef80 is pointing into the stack for thread: 0x0000027b91093b20
RSI=0x0000027bf51d55f8 is pointing into metadata
RDI=0x0000000000000001 is an unknown value
R8 =0x0000000000000001 is an unknown value
R9 =0x0000027bf9936b70 points into unknown readable memory: 0x0000000300000000 | 00 00 00 00 03 00 00 00
R10=0x0000027b9fe6d5f2 is at code_begin+946 in an Interpreter codelet
method entry point (kind = native)  [0x0000027b9fe6d240, 0x0000027b9fe6dbc0]  2432 bytes
R11=0x000000071865c438 is an oop: java.lang.Class 
{0x000000071865c438} - klass: 'java/lang/Class'
 - ---- fields (total size 116 words):
 - private volatile transient 'classRedefinedCount' 'I' @12  0
 - private volatile transient 'cachedConstructor' 'Ljava/lang/reflect/Constructor;' @40  NULL (0)
 - private transient 'name' 'Ljava/lang/String;' @44  "org.lwjgl.opengl.GL11C"{0x000000071865c7e8} (e30cb8fd)
 - private transient 'module' 'Ljava/lang/Module;' @48  a 'java/lang/Module'{0x00000007194f7250} (e329ee4a)
 - private final 'classLoader' 'Ljava/lang/ClassLoader;' @52  a 'jdk/internal/loader/ClassLoaders$AppClassLoader'{0x00000007194f7090} (e329ee12)
 - private transient 'classData' 'Ljava/lang/Object;' @56  NULL (0)
 - private transient 'packageName' 'Ljava/lang/String;' @60  "org.lwjgl.opengl"{0x00000007189a05c0} (e31340b8)
 - private final 'componentType' 'Ljava/lang/Class;' @64  NULL (0)
 - private volatile transient 'reflectionData' 'Ljava/lang/ref/SoftReference;' @68  NULL (0)
 - private volatile transient 'genericInfo' 'Lsun/reflect/generics/repository/ClassRepository;' @72  NULL (0)
 - private volatile transient 'enumConstants' '[Ljava/lang/Object;' @76  NULL (0)
 - private volatile transient 'enumConstantDirectory' 'Ljava/util/Map;' @80  NULL (0)
 - private volatile transient 'annotationData' 'Ljava/lang/Class$AnnotationData;' @84  NULL (0)
 - private volatile transient 'annotationType' 'Lsun/reflect/annotation/AnnotationType;' @88  NULL (0)
 - transient 'classValueMap' 'Ljava/lang/ClassValue$ClassValueMap;' @92  NULL (0)
 - signature: Lorg/lwjgl/opengl/GL11C;
 - fake entry for mirror: 'org/lwjgl/opengl/GL11C'
 - fake entry for array: NULL
 - fake entry for oop_size: 116
 - fake entry for static_oop_field_count: 0
 - public static final 'GL_NEVER' 'I' @112  512 (200)
 - public static final 'GL_LESS' 'I' @116  513 (201)
 - public static final 'GL_EQUAL' 'I' @120  514 (202)
 - public static final 'GL_LEQUAL' 'I' @124  515 (203)
 - public static final 'GL_GREATER' 'I' @128  516 (204)
 - public static final 'GL_NOTEQUAL' 'I' @132  517 (205)
 - public static final 'GL_GEQUAL' 'I' @136  518 (206)
 - public static final 'GL_ALWAYS' 'I' @140  519 (207)
 - public static final 'GL_DEPTH_BUFFER_BIT' 'I' @144  256 (100)
 - public static final 'GL_STENCIL_BUFFER_BIT' 'I' @148  1024 (400)
 - public static final 'GL_COLOR_BUFFER_BIT' 'I' @152  16384 (4000)
 - public static final 'GL_POINTS' 'I' @156  0
 - public static final 'GL_LINES' 'I' @160  1
 - public static final 'GL_LINE_LOOP' 'I' @164  2
 - public static final 'GL_LINE_STRIP' 'I' @168  3
 - public static final 'GL_TRIANGLES' 'I' @172  4
 - public static final 'GL_TRIANGLE_STRIP' 'I' @176  5
 - public static final 'GL_TRIANGLE_FAN' 'I' @180  6
 - public static final 'GL_QUADS' 'I' @184  7
 - public static final 'GL_ZERO' 'I' @188  0
 - public static final 'GL_ONE' 'I' @192  1
 - public static final 'GL_SRC_COLOR' 'I' @196  768 (300)
 - public static final 'GL_ONE_MINUS_SRC_COLOR' 'I' @200  769 (301)
 - public static final 'GL_SRC_ALPHA' 'I' @204  770 (302)
 - public static final 'GL_ONE_MINUS_SRC_ALPHA' 'I' @208  771 (303)
 - public static final 'GL_DST_ALPHA' 'I' @212  772 (304)
 - public static final 'GL_ONE_MINUS_DST_ALPHA' 'I' @216  773 (305)
 - public static final 'GL_DST_COLOR' 'I' @220  774 (306)
 - public static final 'GL_ONE_MINUS_DST_COLOR' 'I' @224  775 (307)
 - public static final 'GL_SRC_ALPHA_SATURATE' 'I' @228  776 (308)
 - public static final 'GL_TRUE' 'I' @232  1
 - public static final 'GL_FALSE' 'I' @236  0
 - public static final 'GL_BYTE' 'I' @240  5120 (1400)
 - public static final 'GL_UNSIGNED_BYTE' 'I' @244  5121 (1401)
 - public static final 'GL_SHORT' 'I' @248  5122 (1402)
 - public static final 'GL_UNSIGNED_SHORT' 'I' @252  5123 (1403)
 - public static final 'GL_INT' 'I' @256  5124 (1404)
 - public static final 'GL_UNSIGNED_INT' 'I' @260  5125 (1405)
 - public static final 'GL_FLOAT' 'I' @264  5126 (1406)
 - public static final 'GL_DOUBLE' 'I' @268  5130 (140a)
 - public static final 'GL_NONE' 'I' @272  0
 - public static final 'GL_FRONT_LEFT' 'I' @276  1024 (400)
 - public static final 'GL_FRONT_RIGHT' 'I' @280  1025 (401)
 - public static final 'GL_BACK_LEFT' 'I' @284  1026 (402)
 - public static final 'GL_BACK_RIGHT' 'I' @288  1027 (403)
 - public static final 'GL_FRONT' 'I' @292  1028 (404)
 - public static final 'GL_BACK' 'I' @296  1029 (405)
 - public static final 'GL_LEFT' 'I' @300  1030 (406)
 - public static final 'GL_RIGHT' 'I' @304  1031 (407)
 - public static final 'GL_FRONT_AND_BACK' 'I' @308  1032 (408)
 - public static final 'GL_NO_ERROR' 'I' @312  0
 - public static final 'GL_INVALID_ENUM' 'I' @316  1280 (500)
 - public static final 'GL_INVALID_VALUE' 'I' @320  1281 (501)
 - public static final 'GL_INVALID_OPERATION' 'I' @324  1282 (502)
 - public static final 'GL_STACK_OVERFLOW' 'I' @328  1283 (503)
 - public static final 'GL_STACK_UNDERFLOW' 'I' @332  1284 (504)
 - public static final 'GL_OUT_OF_MEMORY' 'I' @336  1285 (505)
 - public static final 'GL_CW' 'I' @340  2304 (900)
 - public static final 'GL_CCW' 'I' @344  2305 (901)
 - public static final 'GL_POINT_SIZE' 'I' @348  2833 (b11)
 - public static final 'GL_POINT_SIZE_RANGE' 'I' @352  2834 (b12)
 - public static final 'GL_POINT_SIZE_GRANULARITY' 'I' @356  2835 (b13)
 - public static final 'GL_LINE_SMOOTH' 'I' @360  2848 (b20)
 - public static final 'GL_LINE_WIDTH' 'I' @364  2849 (b21)
 - public static final 'GL_LINE_WIDTH_RANGE' 'I' @368  2850 (b22)
 - public static final 'GL_LINE_WIDTH_GRANULARITY' 'I' @372  2851 (b23)
 - public static final 'GL_POLYGON_MODE' 'I' @376  2880 (b40)
 - public static final 'GL_POLYGON_SMOOTH' 'I' @380  2881 (b41)
 - public static final 'GL_CULL_FACE' 'I' @384  2884 (b44)
 - public static final 'GL_CULL_FACE_MODE' 'I' @388  2885 (b45)
 - public static final 'GL_FRONT_FACE' 'I' @392  2886 (b46)
 - public static final 'GL_DEPTH_RANGE' 'I' @396  2928 (b70)
 - public static final 'GL_DEPTH_TEST' 'I' @400  2929 (b71)
 - public static final 'GL_DEPTH_WRITEMASK' 'I' @404  2930 (b72)
 - public static final 'GL_DEPTH_CLEAR_VALUE' 'I' @408  2931 (b73)
 - public static final 'GL_DEPTH_FUNC' 'I' @412  2932 (b74)
 - public static final 'GL_STENCIL_TEST' 'I' @416  2960 (b90)
 - public static final 'GL_STENCIL_CLEAR_VALUE' 'I' @420  2961 (b91)
 - public static final 'GL_STENCIL_FUNC' 'I' @424  2962 (b92)
 - public static final 'GL_STENCIL_VALUE_MASK' 'I' @428  2963 (b93)
 - public static final 'GL_STENCIL_FAIL' 'I' @432  2964 (b94)
 - public static final 'GL_STENCIL_PASS_DEPTH_FAIL' 'I' @436  2965 (b95)
 - public static final 'GL_STENCIL_PASS_DEPTH_PASS' 'I' @440  2966 (b96)
 - public static final 'GL_STENCIL_REF' 'I' @444  2967 (b97)
 - public static final 'GL_STENCIL_WRITEMASK' 'I' @448  2968 (b98)
 - public static final 'GL_VIEWPORT' 'I' @452  2978 (ba2)
 - public static final 'GL_DITHER' 'I' @456  3024 (bd0)
 - public static final 'GL_BLEND_DST' 'I' @460  3040 (be0)
 - public static final 'GL_BLEND_SRC' 'I' @464  3041 (be1)
 - public static final 'GL_BLEND' 'I' @468  3042 (be2)
 - public static final 'GL_LOGIC_OP_MODE' 'I' @472  3056 (bf0)
 - public static final 'GL_COLOR_LOGIC_OP' 'I' @476  3058 (bf2)
 - public static final 'GL_DRAW_BUFFER' 'I' @480  3073 (c01)
 - public static final 'GL_READ_BUFFER' 'I' @484  3074 (c02)
 - public static final 'GL_SCISSOR_BOX' 'I' @488  3088 (c10)
 - public static final 'GL_SCISSOR_TEST' 'I' @492  3089 (c11)
 - public static final 'GL_COLOR_CLEAR_VALUE' 'I' @496  3106 (c22)
 - public static final 'GL_COLOR_WRITEMASK' 'I' @500  3107 (c23)
 - public static final 'GL_DOUBLEBUFFER' 'I' @504  3122 (c32)
 - public static final 'GL_STEREO' 'I' @508  3123 (c33)
 - public static final 'GL_LINE_SMOOTH_HINT' 'I' @512  3154 (c52)
 - public static final 'GL_POLYGON_SMOOTH_HINT' 'I' @516  3155 (c53)
 - public static final 'GL_UNPACK_SWAP_BYTES' 'I' @520  3312 (cf0)
 - public static final 'GL_UNPACK_LSB_FIRST' 'I' @524  3313 (cf1)
 - public static final 'GL_UNPACK_ROW_LENGTH' 'I' @528  3314 (cf2)
 - public static final 'GL_UNPACK_SKIP_ROWS' 'I' @532  3315 (cf3)
 - public static final 'GL_UNPACK_SKIP_PIXELS' 'I' @536  3316 (cf4)
 - public static final 'GL_UNPACK_ALIGNMENT' 'I' @540  3317 (cf5)
 - public static final 'GL_PACK_SWAP_BYTES' 'I' @544  3328 (d00)
 - public static final 'GL_PACK_LSB_FIRST' 'I' @548  3329 (d01)
 - public static final 'GL_PACK_ROW_LENGTH' 'I' @552  3330 (d02)
 - public static final 'GL_PACK_SKIP_ROWS' 'I' @556  3331 (d03)
 - public static final 'GL_PACK_SKIP_PIXELS' 'I' @560  3332 (d04)
 - public static final 'GL_PACK_ALIGNMENT' 'I' @564  3333 (d05)
 - public static final 'GL_MAX_TEXTURE_SIZE' 'I' @568  3379 (d33)
 - public static final 'GL_MAX_VIEWPORT_DIMS' 'I' @572  3386 (d3a)
 - public static final 'GL_SUBPIXEL_BITS' 'I' @576  3408 (d50)
 - public static final 'GL_TEXTURE_1D' 'I' @580  3552 (de0)
 - public static final 'GL_TEXTURE_2D' 'I' @584  3553 (de1)
 - public static final 'GL_TEXTURE_WIDTH' 'I' @588  4096 (1000)
 - public static final 'GL_TEXTURE_HEIGHT' 'I' @592  4097 (1001)
 - public static final 'GL_TEXTURE_INTERNAL_FORMAT' 'I' @596  4099 (1003)
 - public static final 'GL_TEXTURE_BORDER_COLOR' 'I' @600  4100 (1004)
 - public static final 'GL_DONT_CARE' 'I' @604  4352 (1100)
 - public static final 'GL_FASTEST' 'I' @608  4353 (1101)
 - public static final 'GL_NICEST' 'I' @612  4354 (1102)
 - public static final 'GL_CLEAR' 'I' @616  5376 (1500)
 - public static final 'GL_AND' 'I' @620  5377 (1501)
 - public static final 'GL_AND_REVERSE' 'I' @624  5378 (1502)
 - public static final 'GL_COPY' 'I' @628  5379 (1503)
 - public static final 'GL_AND_INVERTED' 'I' @632  5380 (1504)
 - public static final 'GL_NOOP' 'I' @636  5381 (1505)
 - public static final 'GL_XOR' 'I' @640  5382 (1506)
 - public static final 'GL_OR' 'I' @644  5383 (1507)
 - public static final 'GL_NOR' 'I' @648  5384 (1508)
 - public static final 'GL_EQUIV' 'I' @652  5385 (1509)
 - public static final 'GL_INVERT' 'I' @656  5386 (150a)
 - public static final 'GL_OR_REVERSE' 'I' @660  5387 (150b)
 - public static final 'GL_COPY_INVERTED' 'I' @664  5388 (150c)
 - public static final 'GL_OR_INVERTED' 'I' @668  5389 (150d)
 - public static final 'GL_NAND' 'I' @672  5390 (150e)
 - public static final 'GL_SET' 'I' @676  5391 (150f)
 - public static final 'GL_TEXTURE' 'I' @680  5890 (1702)
 - public static final 'GL_COLOR' 'I' @684  6144 (1800)
 - public static final 'GL_DEPTH' 'I' @688  6145 (1801)
 - public static final 'GL_STENCIL' 'I' @692  6146 (1802)
 - public static final 'GL_STENCIL_INDEX' 'I' @696  6401 (1901)
 - public static final 'GL_DEPTH_COMPONENT' 'I' @700  6402 (1902)
 - public static final 'GL_RED' 'I' @704  6403 (1903)
 - public static final 'GL_GREEN' 'I' @708  6404 (1904)
 - public static final 'GL_BLUE' 'I' @712  6405 (1905)
 - public static final 'GL_ALPHA' 'I' @716  6406 (1906)
 - public static final 'GL_RGB' 'I' @720  6407 (1907)
 - public static final 'GL_RGBA' 'I' @724  6408 (1908)
 - public static final 'GL_POINT' 'I' @728  6912 (1b00)
 - public static final 'GL_LINE' 'I' @732  6913 (1b01)
 - public static final 'GL_FILL' 'I' @736  6914 (1b02)
 - public static final 'GL_KEEP' 'I' @740  7680 (1e00)
 - public static final 'GL_REPLACE' 'I' @744  7681 (1e01)
 - public static final 'GL_INCR' 'I' @748  7682 (1e02)
 - public static final 'GL_DECR' 'I' @752  7683 (1e03)
 - public static final 'GL_VENDOR' 'I' @756  7936 (1f00)
 - public static final 'GL_RENDERER' 'I' @760  7937 (1f01)
 - public static final 'GL_VERSION' 'I' @764  7938 (1f02)
 - public static final 'GL_EXTENSIONS' 'I' @768  7939 (1f03)
 - public static final 'GL_NEAREST' 'I' @772  9728 (2600)
 - public static final 'GL_LINEAR' 'I' @776  9729 (2601)
 - public static final 'GL_NEAREST_MIPMAP_NEAREST' 'I' @780  9984 (2700)
 - public static final 'GL_LINEAR_MIPMAP_NEAREST' 'I' @784  9985 (2701)
 - public static final 'GL_NEAREST_MIPMAP_LINEAR' 'I' @788  9986 (2702)
 - public static final 'GL_LINEAR_MIPMAP_LINEAR' 'I' @792  9987 (2703)
 - public static final 'GL_TEXTURE_MAG_FILTER' 'I' @796  10240 (2800)
 - public static final 'GL_TEXTURE_MIN_FILTER' 'I' @800  10241 (2801)
 - public static final 'GL_TEXTURE_WRAP_S' 'I' @804  10242 (2802)
 - public static final 'GL_TEXTURE_WRAP_T' 'I' @808  10243 (2803)
 - public static final 'GL_REPEAT' 'I' @812  10497 (2901)
 - public static final 'GL_POLYGON_OFFSET_FACTOR' 'I' @816  32824 (8038)
 - public static final 'GL_POLYGON_OFFSET_UNITS' 'I' @820  10752 (2a00)
 - public static final 'GL_POLYGON_OFFSET_POINT' 'I' @824  10753 (2a01)
 - public static final 'GL_POLYGON_OFFSET_LINE' 'I' @828  10754 (2a02)
 - public static final 'GL_POLYGON_OFFSET_FILL' 'I' @832  32823 (8037)
 - public static final 'GL_R3_G3_B2' 'I' @836  10768 (2a10)
 - public static final 'GL_RGB4' 'I' @840  32847 (804f)
 - public static final 'GL_RGB5' 'I' @844  32848 (8050)
 - public static final 'GL_RGB8' 'I' @848  32849 (8051)
 - public static final 'GL_RGB10' 'I' @852  32850 (8052)
 - public static final 'GL_RGB12' 'I' @856  32851 (8053)
 - public static final 'GL_RGB16' 'I' @860  32852 (8054)
 - public static final 'GL_RGBA2' 'I' @864  32853 (8055)
 - public static final 'GL_RGBA4' 'I' @868  32854 (8056)
 - public static final 'GL_RGB5_A1' 'I' @872  32855 (8057)
 - public static final 'GL_RGBA8' 'I' @876  32856 (8058)
 - public static final 'GL_RGB10_A2' 'I' @880  32857 (8059)
 - public static final 'GL_RGBA12' 'I' @884  32858 (805a)
 - public static final 'GL_RGBA16' 'I' @888  32859 (805b)
 - public static final 'GL_TEXTURE_RED_SIZE' 'I' @892  32860 (805c)
 - public static final 'GL_TEXTURE_GREEN_SIZE' 'I' @896  32861 (805d)
 - public static final 'GL_TEXTURE_BLUE_SIZE' 'I' @900  32862 (805e)
 - public static final 'GL_TEXTURE_ALPHA_SIZE' 'I' @904  32863 (805f)
 - public static final 'GL_PROXY_TEXTURE_1D' 'I' @908  32867 (8063)
 - public static final 'GL_PROXY_TEXTURE_2D' 'I' @912  32868 (8064)
 - public static final 'GL_TEXTURE_BINDING_1D' 'I' @916  32872 (8068)
 - public static final 'GL_TEXTURE_BINDING_2D' 'I' @920  32873 (8069)
 - public static final 'GL_VERTEX_ARRAY' 'I' @924  32884 (8074)
R12=0x0 is NULL
R13={method} {0x0000027bf554f258} 'nglGenTextures' '(IJ)V' in 'org/lwjgl/opengl/GL11C'
R14=0x0000009e892fefb0 is pointing into the stack for thread: 0x0000027b91093b20
R15=0x0000027b91093b20 is a thread


Registers:
RAX=0x0000000000000000, RBX=0x0000027bf554f250, RCX=0x0000027b91093dd0, RDX=0x0000027bf9936b70
RSP=0x0000009e892feef8, RBP=0x0000009e892fef80, RSI=0x0000027bf51d55f8, RDI=0x0000000000000001
R8 =0x0000000000000001, R9 =0x0000027bf9936b70, R10=0x0000027b9fe6d5f2, R11=0x000000071865c438
R12=0x0000000000000000, R13=0x0000027bf554f250, R14=0x0000009e892fefb0, R15=0x0000027b91093b20
RIP=0x00007ff823c2d39a, EFLAGS=0x0000000000010206

Top of Stack: (sp=0x0000009e892feef8)
0x0000009e892feef8:   0000027b9fe6d621 0000000000000001
0x0000009e892fef08:   0000027b9fe6d352 0000027bf554f250
0x0000009e892fef18:   0000027bf51d55f8 0000009e892fef98
0x0000009e892fef28:   0000027b9fe695cd 0000027b9fe6d2f6
0x0000009e892fef38:   0000009e892fef38 0000027bf554f250
0x0000009e892fef48:   0000009e892fefb0 0000027bf55555d0
0x0000009e892fef58:   0000000000000000 000000071865c438
0x0000009e892fef68:   0000027bf554f250 0000000000000000
0x0000009e892fef78:   0000009e892fefa0 0000009e892ff000
0x0000009e892fef88:   0000027b9fe694fe 000000071865c438
0x0000009e892fef98:   0000027b9fe6af78 0000027bf9936b70
0x0000009e892fefa8:   0000000000000000 0000000000000001
0x0000009e892fefb8:   0000009e892fefb8 0000027bf554f3c4
0x0000009e892fefc8:   0000009e892ff030 0000027bf55555d0
0x0000009e892fefd8:   0000000000000000 000000071865c438
0x0000009e892fefe8:   0000027bf554f430 0000009e892fefa0 

Instructions: (pc=0x00007ff823c2d39a)
0x00007ff823c2d29a:   cc cc cc cc cc cc 48 8b 01 48 8b 40 18 44 89 c1
0x00007ff823c2d2aa:   48 ff a0 d0 01 00 00 cc cc cc cc cc cc cc cc cc
0x00007ff823c2d2ba:   cc cc cc cc cc cc 0f 28 cb 0f 28 c2 48 8b 01 48
0x00007ff823c2d2ca:   8b 40 18 48 8b 80 d8 01 00 00 48 ff e0 cc cc cc
0x00007ff823c2d2da:   cc cc cc cc cc cc 44 89 ca 44 89 c0 44 8b 44 24
0x00007ff823c2d2ea:   28 48 8b 09 48 8b 49 18 4c 8b 89 e8 01 00 00 89
0x00007ff823c2d2fa:   c1 49 ff e1 cc cc 48 8b 01 48 8b 40 18 44 89 c1
0x00007ff823c2d30a:   48 ff a0 f0 01 00 00 cc cc cc cc cc cc cc cc cc
0x00007ff823c2d31a:   cc cc cc cc cc cc 44 89 ca 44 89 c0 44 8b 44 24
0x00007ff823c2d32a:   28 4c 8b 4c 24 30 48 8b 09 48 8b 49 18 4c 8b 91
0x00007ff823c2d33a:   f8 01 00 00 89 c1 49 ff e2 cc cc cc cc cc cc cc
0x00007ff823c2d34a:   cc cc cc cc cc cc 48 8b 01 48 8b 40 18 48 ff a0
0x00007ff823c2d35a:   98 02 00 00 cc cc 48 8b 01 48 8b 40 18 48 ff a0
0x00007ff823c2d36a:   a0 02 00 00 cc cc 48 8b 01 48 8b 40 18 44 89 c1
0x00007ff823c2d37a:   48 ff a0 c8 02 00 00 cc cc cc cc cc cc cc cc cc
0x00007ff823c2d38a:   cc cc cc cc cc cc 4c 89 ca 48 8b 01 48 8b 40 18
0x00007ff823c2d39a:   48 8b 80 d8 02 00 00 44 89 c1 48 ff e0 cc cc cc
0x00007ff823c2d3aa:   cc cc cc cc cc cc 4c 89 ca 48 8b 01 48 8b 40 18
0x00007ff823c2d3ba:   48 8b 80 e0 02 00 00 44 89 c1 48 ff e0 cc cc cc
0x00007ff823c2d3ca:   cc cc cc cc cc cc 4c 89 ca 48 8b 01 48 8b 40 18
0x00007ff823c2d3da:   48 8b 80 f0 02 00 00 44 89 c1 48 ff e0 cc cc cc
0x00007ff823c2d3ea:   cc cc cc cc cc cc 4c 89 ca 48 8b 01 48 8b 40 18
0x00007ff823c2d3fa:   48 8b 80 f8 02 00 00 44 89 c1 48 ff e0 cc cc cc
0x00007ff823c2d40a:   cc cc cc cc cc cc 4c 89 ca 48 8b 01 48 8b 40 18
0x00007ff823c2d41a:   48 8b 80 00 03 00 00 44 89 c1 48 ff e0 cc cc cc
0x00007ff823c2d42a:   cc cc cc cc cc cc 4c 89 ca 48 8b 01 48 8b 40 18
0x00007ff823c2d43a:   48 8b 80 08 03 00 00 44 89 c1 48 ff e0 cc cc cc
0x00007ff823c2d44a:   cc cc cc cc cc cc 48 8b 01 48 8b 40 18 48 ff a0
0x00007ff823c2d45a:   10 03 00 00 cc cc 4c 89 ca 48 8b 01 48 8b 40 18
0x00007ff823c2d46a:   48 8b 80 68 03 00 00 44 89 c1 48 ff e0 cc cc cc
0x00007ff823c2d47a:   cc cc cc cc cc cc 48 8b 01 48 8b 40 18 44 89 c1
0x00007ff823c2d48a:   48 ff a0 78 03 00 00 cc cc cc cc cc cc cc cc cc 


Stack slot to memory mapping:
stack at sp + 0 slots: 0x0000027b9fe6d621 is at code_begin+993 in an Interpreter codelet
method entry point (kind = native)  [0x0000027b9fe6d240, 0x0000027b9fe6dbc0]  2432 bytes
stack at sp + 1 slots: 0x0000000000000001 is an unknown value
stack at sp + 2 slots: 0x0000027b9fe6d352 is at code_begin+274 in an Interpreter codelet
method entry point (kind = native)  [0x0000027b9fe6d240, 0x0000027b9fe6dbc0]  2432 bytes
stack at sp + 3 slots: {method} {0x0000027bf554f258} 'nglGenTextures' '(IJ)V' in 'org/lwjgl/opengl/GL11C'
stack at sp + 4 slots: 0x0000027bf51d55f8 is pointing into metadata
stack at sp + 5 slots: 0x0000009e892fef98 is pointing into the stack for thread: 0x0000027b91093b20
stack at sp + 6 slots: 0x0000027b9fe695cd is at code_begin+1325 in an Interpreter codelet
return entry points  [0x0000027b9fe690a0, 0x0000027b9fe69ba0]  2816 bytes
stack at sp + 7 slots: 0x0000027b9fe6d2f6 is at code_begin+182 in an Interpreter codelet
method entry point (kind = native)  [0x0000027b9fe6d240, 0x0000027b9fe6dbc0]  2432 bytes


---------------  P R O C E S S  ---------------

Threads class SMR info:
_java_thread_list=0x0000027bf94dcec0, length=13, elements={
0x0000027b91093b20, 0x0000027bb3d3ea40, 0x0000027bf9005850, 0x0000027bf901bce0,
0x0000027bf901c6a0, 0x0000027bf901d060, 0x0000027bf901da20, 0x0000027bf9021cc0,
0x0000027bf902a780, 0x0000027bf9035d60, 0x0000027bf9146420, 0x0000027bf93f1990,
0x0000027bf96086f0
}

Java Threads: ( => current thread )
=>0x0000027b91093b20 JavaThread "main" [_thread_in_native, id=21312, stack(0x0000009e89200000,0x0000009e89300000)]
  0x0000027bb3d3ea40 JavaThread "Reference Handler" daemon [_thread_blocked, id=20936, stack(0x0000009e89900000,0x0000009e89a00000)]
  0x0000027bf9005850 JavaThread "Finalizer" daemon [_thread_blocked, id=21096, stack(0x0000009e89a00000,0x0000009e89b00000)]
  0x0000027bf901bce0 JavaThread "Signal Dispatcher" daemon [_thread_blocked, id=21092, stack(0x0000009e89b00000,0x0000009e89c00000)]
  0x0000027bf901c6a0 JavaThread "Attach Listener" daemon [_thread_blocked, id=19852, stack(0x0000009e89c00000,0x0000009e89d00000)]
  0x0000027bf901d060 JavaThread "Service Thread" daemon [_thread_blocked, id=20900, stack(0x0000009e89d00000,0x0000009e89e00000)]
  0x0000027bf901da20 JavaThread "Monitor Deflation Thread" daemon [_thread_blocked, id=20896, stack(0x0000009e89e00000,0x0000009e89f00000)]
  0x0000027bf9021cc0 JavaThread "C2 CompilerThread0" daemon [_thread_blocked, id=21352, stack(0x0000009e89f00000,0x0000009e8a000000)]
  0x0000027bf902a780 JavaThread "C1 CompilerThread0" daemon [_thread_blocked, id=21348, stack(0x0000009e8a000000,0x0000009e8a100000)]
  0x0000027bf9035d60 JavaThread "Sweeper thread" daemon [_thread_blocked, id=21344, stack(0x0000009e8a100000,0x0000009e8a200000)]
  0x0000027bf9146420 JavaThread "Common-Cleaner" daemon [_thread_blocked, id=21340, stack(0x0000009e8a200000,0x0000009e8a300000)]
  0x0000027bf93f1990 JavaThread "Monitor Ctrl-Break" daemon [_thread_in_native, id=21320, stack(0x0000009e8a400000,0x0000009e8a500000)]
  0x0000027bf96086f0 JavaThread "Notification Thread" daemon [_thread_blocked, id=21336, stack(0x0000009e8a500000,0x0000009e8a600000)]

Other Threads:
  0x0000027bb3d3c000 VMThread "VM Thread" [stack: 0x0000009e89800000,0x0000009e89900000] [id=20948]
  0x0000027b9115cfc0 WatcherThread [stack: 0x0000009e8a600000,0x0000009e8a700000] [id=21328]
  0x0000027b910fb300 GCTaskThread "GC Thread#0" [stack: 0x0000009e89300000,0x0000009e89400000] [id=21316]
  0x0000027b9110cc60 ConcurrentGCThread "G1 Main Marker" [stack: 0x0000009e89400000,0x0000009e89500000] [id=21308]
  0x0000027b9110ee20 ConcurrentGCThread "G1 Conc#0" [stack: 0x0000009e89500000,0x0000009e89600000] [id=21304]
  0x0000027bb3bf09d0 ConcurrentGCThread "G1 Refine#0" [stack: 0x0000009e89600000,0x0000009e89700000] [id=9068]
  0x0000027bb3bf3310 ConcurrentGCThread "G1 Service" [stack: 0x0000009e89700000,0x0000009e89800000] [id=21364]

Threads with active compile tasks:

VM state: not at safepoint (normal execution)

VM Mutex/Monitor currently owned by a thread: None

Heap address: 0x000000070a000000, size: 3936 MB, Compressed Oops mode: Zero based, Oop shift amount: 3

CDS archive(s) mapped at: [0x0000027bb4000000-0x0000027bb4bd0000-0x0000027bb4bd0000), size 12386304, SharedBaseAddress: 0x0000027bb4000000, ArchiveRelocationMode: 1.
Compressed class space mapped at: 0x0000027bb5000000-0x0000027bf5000000, reserved size: 1073741824
Narrow klass base: 0x0000027bb4000000, Narrow klass shift: 0, Narrow klass range: 0x100000000

GC Precious Log:
 CPUs: 12 total, 12 available
 Memory: 15741M
 Large Page Support: Disabled
 NUMA Support: Disabled
 Compressed Oops: Enabled (Zero based)
 Heap Region Size: 2M
 Heap Min Capacity: 8M
 Heap Initial Capacity: 246M
 Heap Max Capacity: 3936M
 Pre-touch: Disabled
 Parallel Workers: 10
 Concurrent Workers: 3
 Concurrent Refinement Workers: 10
 Periodic GC: Disabled

Heap:
 garbage-first heap   total 251904K, used 14336K [0x000000070a000000, 0x0000000800000000)
  region size 2048K, 8 young (16384K), 0 survivors (0K)
 Metaspace       used 3839K, committed 4032K, reserved 1114112K
  class space    used 277K, committed 384K, reserved 1048576K

Heap Regions: E=young(eden), S=young(survivor), O=old, HS=humongous(starts), HC=humongous(continues), CS=collection set, F=free, OA=open archive, CA=closed archive, TAMS=top-at-mark-start (previous, next)
|   0|0x000000070a000000, 0x000000070a000000, 0x000000070a200000|  0%| F|  |TAMS 0x000000070a000000, 0x000000070a000000| Untracked 
|   1|0x000000070a200000, 0x000000070a200000, 0x000000070a400000|  0%| F|  |TAMS 0x000000070a200000, 0x000000070a200000| Untracked 
|   2|0x000000070a400000, 0x000000070a400000, 0x000000070a600000|  0%| F|  |TAMS 0x000000070a400000, 0x000000070a400000| Untracked 
|   3|0x000000070a600000, 0x000000070a600000, 0x000000070a800000|  0%| F|  |TAMS 0x000000070a600000, 0x000000070a600000| Untracked 
|   4|0x000000070a800000, 0x000000070a800000, 0x000000070aa00000|  0%| F|  |TAMS 0x000000070a800000, 0x000000070a800000| Untracked 
|   5|0x000000070aa00000, 0x000000070aa00000, 0x000000070ac00000|  0%| F|  |TAMS 0x000000070aa00000, 0x000000070aa00000| Untracked 
|   6|0x000000070ac00000, 0x000000070ac00000, 0x000000070ae00000|  0%| F|  |TAMS 0x000000070ac00000, 0x000000070ac00000| Untracked 
|   7|0x000000070ae00000, 0x000000070ae00000, 0x000000070b000000|  0%| F|  |TAMS 0x000000070ae00000, 0x000000070ae00000| Untracked 
|   8|0x000000070b000000, 0x000000070b000000, 0x000000070b200000|  0%| F|  |TAMS 0x000000070b000000, 0x000000070b000000| Untracked 
|   9|0x000000070b200000, 0x000000070b200000, 0x000000070b400000|  0%| F|  |TAMS 0x000000070b200000, 0x000000070b200000| Untracked 
|  10|0x000000070b400000, 0x000000070b400000, 0x000000070b600000|  0%| F|  |TAMS 0x000000070b400000, 0x000000070b400000| Untracked 
|  11|0x000000070b600000, 0x000000070b600000, 0x000000070b800000|  0%| F|  |TAMS 0x000000070b600000, 0x000000070b600000| Untracked 
|  12|0x000000070b800000, 0x000000070b800000, 0x000000070ba00000|  0%| F|  |TAMS 0x000000070b800000, 0x000000070b800000| Untracked 
|  13|0x000000070ba00000, 0x000000070ba00000, 0x000000070bc00000|  0%| F|  |TAMS 0x000000070ba00000, 0x000000070ba00000| Untracked 
|  14|0x000000070bc00000, 0x000000070bc00000, 0x000000070be00000|  0%| F|  |TAMS 0x000000070bc00000, 0x000000070bc00000| Untracked 
|  15|0x000000070be00000, 0x000000070be00000, 0x000000070c000000|  0%| F|  |TAMS 0x000000070be00000, 0x000000070be00000| Untracked 
|  16|0x000000070c000000, 0x000000070c000000, 0x000000070c200000|  0%| F|  |TAMS 0x000000070c000000, 0x000000070c000000| Untracked 
|  17|0x000000070c200000, 0x000000070c200000, 0x000000070c400000|  0%| F|  |TAMS 0x000000070c200000, 0x000000070c200000| Untracked 
|  18|0x000000070c400000, 0x000000070c400000, 0x000000070c600000|  0%| F|  |TAMS 0x000000070c400000, 0x000000070c400000| Untracked 
|  19|0x000000070c600000, 0x000000070c600000, 0x000000070c800000|  0%| F|  |TAMS 0x000000070c600000, 0x000000070c600000| Untracked 
|  20|0x000000070c800000, 0x000000070c800000, 0x000000070ca00000|  0%| F|  |TAMS 0x000000070c800000, 0x000000070c800000| Untracked 
|  21|0x000000070ca00000, 0x000000070ca00000, 0x000000070cc00000|  0%| F|  |TAMS 0x000000070ca00000, 0x000000070ca00000| Untracked 
|  22|0x000000070cc00000, 0x000000070cc00000, 0x000000070ce00000|  0%| F|  |TAMS 0x000000070cc00000, 0x000000070cc00000| Untracked 
|  23|0x000000070ce00000, 0x000000070ce00000, 0x000000070d000000|  0%| F|  |TAMS 0x000000070ce00000, 0x000000070ce00000| Untracked 
|  24|0x000000070d000000, 0x000000070d000000, 0x000000070d200000|  0%| F|  |TAMS 0x000000070d000000, 0x000000070d000000| Untracked 
|  25|0x000000070d200000, 0x000000070d200000, 0x000000070d400000|  0%| F|  |TAMS 0x000000070d200000, 0x000000070d200000| Untracked 
|  26|0x000000070d400000, 0x000000070d400000, 0x000000070d600000|  0%| F|  |TAMS 0x000000070d400000, 0x000000070d400000| Untracked 
|  27|0x000000070d600000, 0x000000070d600000, 0x000000070d800000|  0%| F|  |TAMS 0x000000070d600000, 0x000000070d600000| Untracked 
|  28|0x000000070d800000, 0x000000070d800000, 0x000000070da00000|  0%| F|  |TAMS 0x000000070d800000, 0x000000070d800000| Untracked 
|  29|0x000000070da00000, 0x000000070da00000, 0x000000070dc00000|  0%| F|  |TAMS 0x000000070da00000, 0x000000070da00000| Untracked 
|  30|0x000000070dc00000, 0x000000070dc00000, 0x000000070de00000|  0%| F|  |TAMS 0x000000070dc00000, 0x000000070dc00000| Untracked 
|  31|0x000000070de00000, 0x000000070de00000, 0x000000070e000000|  0%| F|  |TAMS 0x000000070de00000, 0x000000070de00000| Untracked 
|  32|0x000000070e000000, 0x000000070e000000, 0x000000070e200000|  0%| F|  |TAMS 0x000000070e000000, 0x000000070e000000| Untracked 
|  33|0x000000070e200000, 0x000000070e200000, 0x000000070e400000|  0%| F|  |TAMS 0x000000070e200000, 0x000000070e200000| Untracked 
|  34|0x000000070e400000, 0x000000070e400000, 0x000000070e600000|  0%| F|  |TAMS 0x000000070e400000, 0x000000070e400000| Untracked 
|  35|0x000000070e600000, 0x000000070e600000, 0x000000070e800000|  0%| F|  |TAMS 0x000000070e600000, 0x000000070e600000| Untracked 
|  36|0x000000070e800000, 0x000000070e800000, 0x000000070ea00000|  0%| F|  |TAMS 0x000000070e800000, 0x000000070e800000| Untracked 
|  37|0x000000070ea00000, 0x000000070ea00000, 0x000000070ec00000|  0%| F|  |TAMS 0x000000070ea00000, 0x000000070ea00000| Untracked 
|  38|0x000000070ec00000, 0x000000070ec00000, 0x000000070ee00000|  0%| F|  |TAMS 0x000000070ec00000, 0x000000070ec00000| Untracked 
|  39|0x000000070ee00000, 0x000000070ee00000, 0x000000070f000000|  0%| F|  |TAMS 0x000000070ee00000, 0x000000070ee00000| Untracked 
|  40|0x000000070f000000, 0x000000070f000000, 0x000000070f200000|  0%| F|  |TAMS 0x000000070f000000, 0x000000070f000000| Untracked 
|  41|0x000000070f200000, 0x000000070f200000, 0x000000070f400000|  0%| F|  |TAMS 0x000000070f200000, 0x000000070f200000| Untracked 
|  42|0x000000070f400000, 0x000000070f400000, 0x000000070f600000|  0%| F|  |TAMS 0x000000070f400000, 0x000000070f400000| Untracked 
|  43|0x000000070f600000, 0x000000070f600000, 0x000000070f800000|  0%| F|  |TAMS 0x000000070f600000, 0x000000070f600000| Untracked 
|  44|0x000000070f800000, 0x000000070f800000, 0x000000070fa00000|  0%| F|  |TAMS 0x000000070f800000, 0x000000070f800000| Untracked 
|  45|0x000000070fa00000, 0x000000070fa00000, 0x000000070fc00000|  0%| F|  |TAMS 0x000000070fa00000, 0x000000070fa00000| Untracked 
|  46|0x000000070fc00000, 0x000000070fc00000, 0x000000070fe00000|  0%| F|  |TAMS 0x000000070fc00000, 0x000000070fc00000| Untracked 
|  47|0x000000070fe00000, 0x000000070fe00000, 0x0000000710000000|  0%| F|  |TAMS 0x000000070fe00000, 0x000000070fe00000| Untracked 
|  48|0x0000000710000000, 0x0000000710000000, 0x0000000710200000|  0%| F|  |TAMS 0x0000000710000000, 0x0000000710000000| Untracked 
|  49|0x0000000710200000, 0x0000000710200000, 0x0000000710400000|  0%| F|  |TAMS 0x0000000710200000, 0x0000000710200000| Untracked 
|  50|0x0000000710400000, 0x0000000710400000, 0x0000000710600000|  0%| F|  |TAMS 0x0000000710400000, 0x0000000710400000| Untracked 
|  51|0x0000000710600000, 0x0000000710600000, 0x0000000710800000|  0%| F|  |TAMS 0x0000000710600000, 0x0000000710600000| Untracked 
|  52|0x0000000710800000, 0x0000000710800000, 0x0000000710a00000|  0%| F|  |TAMS 0x0000000710800000, 0x0000000710800000| Untracked 
|  53|0x0000000710a00000, 0x0000000710a00000, 0x0000000710c00000|  0%| F|  |TAMS 0x0000000710a00000, 0x0000000710a00000| Untracked 
|  54|0x0000000710c00000, 0x0000000710c00000, 0x0000000710e00000|  0%| F|  |TAMS 0x0000000710c00000, 0x0000000710c00000| Untracked 
|  55|0x0000000710e00000, 0x0000000710e00000, 0x0000000711000000|  0%| F|  |TAMS 0x0000000710e00000, 0x0000000710e00000| Untracked 
|  56|0x0000000711000000, 0x0000000711000000, 0x0000000711200000|  0%| F|  |TAMS 0x0000000711000000, 0x0000000711000000| Untracked 
|  57|0x0000000711200000, 0x0000000711200000, 0x0000000711400000|  0%| F|  |TAMS 0x0000000711200000, 0x0000000711200000| Untracked 
|  58|0x0000000711400000, 0x0000000711400000, 0x0000000711600000|  0%| F|  |TAMS 0x0000000711400000, 0x0000000711400000| Untracked 
|  59|0x0000000711600000, 0x0000000711600000, 0x0000000711800000|  0%| F|  |TAMS 0x0000000711600000, 0x0000000711600000| Untracked 
|  60|0x0000000711800000, 0x0000000711800000, 0x0000000711a00000|  0%| F|  |TAMS 0x0000000711800000, 0x0000000711800000| Untracked 
|  61|0x0000000711a00000, 0x0000000711a00000, 0x0000000711c00000|  0%| F|  |TAMS 0x0000000711a00000, 0x0000000711a00000| Untracked 
|  62|0x0000000711c00000, 0x0000000711c00000, 0x0000000711e00000|  0%| F|  |TAMS 0x0000000711c00000, 0x0000000711c00000| Untracked 
|  63|0x0000000711e00000, 0x0000000711e00000, 0x0000000712000000|  0%| F|  |TAMS 0x0000000711e00000, 0x0000000711e00000| Untracked 
|  64|0x0000000712000000, 0x0000000712000000, 0x0000000712200000|  0%| F|  |TAMS 0x0000000712000000, 0x0000000712000000| Untracked 
|  65|0x0000000712200000, 0x0000000712200000, 0x0000000712400000|  0%| F|  |TAMS 0x0000000712200000, 0x0000000712200000| Untracked 
|  66|0x0000000712400000, 0x0000000712400000, 0x0000000712600000|  0%| F|  |TAMS 0x0000000712400000, 0x0000000712400000| Untracked 
|  67|0x0000000712600000, 0x0000000712600000, 0x0000000712800000|  0%| F|  |TAMS 0x0000000712600000, 0x0000000712600000| Untracked 
|  68|0x0000000712800000, 0x0000000712800000, 0x0000000712a00000|  0%| F|  |TAMS 0x0000000712800000, 0x0000000712800000| Untracked 
|  69|0x0000000712a00000, 0x0000000712a00000, 0x0000000712c00000|  0%| F|  |TAMS 0x0000000712a00000, 0x0000000712a00000| Untracked 
|  70|0x0000000712c00000, 0x0000000712c00000, 0x0000000712e00000|  0%| F|  |TAMS 0x0000000712c00000, 0x0000000712c00000| Untracked 
|  71|0x0000000712e00000, 0x0000000712e00000, 0x0000000713000000|  0%| F|  |TAMS 0x0000000712e00000, 0x0000000712e00000| Untracked 
|  72|0x0000000713000000, 0x0000000713000000, 0x0000000713200000|  0%| F|  |TAMS 0x0000000713000000, 0x0000000713000000| Untracked 
|  73|0x0000000713200000, 0x0000000713200000, 0x0000000713400000|  0%| F|  |TAMS 0x0000000713200000, 0x0000000713200000| Untracked 
|  74|0x0000000713400000, 0x0000000713400000, 0x0000000713600000|  0%| F|  |TAMS 0x0000000713400000, 0x0000000713400000| Untracked 
|  75|0x0000000713600000, 0x0000000713600000, 0x0000000713800000|  0%| F|  |TAMS 0x0000000713600000, 0x0000000713600000| Untracked 
|  76|0x0000000713800000, 0x0000000713800000, 0x0000000713a00000|  0%| F|  |TAMS 0x0000000713800000, 0x0000000713800000| Untracked 
|  77|0x0000000713a00000, 0x0000000713a00000, 0x0000000713c00000|  0%| F|  |TAMS 0x0000000713a00000, 0x0000000713a00000| Untracked 
|  78|0x0000000713c00000, 0x0000000713c00000, 0x0000000713e00000|  0%| F|  |TAMS 0x0000000713c00000, 0x0000000713c00000| Untracked 
|  79|0x0000000713e00000, 0x0000000713e00000, 0x0000000714000000|  0%| F|  |TAMS 0x0000000713e00000, 0x0000000713e00000| Untracked 
|  80|0x0000000714000000, 0x0000000714000000, 0x0000000714200000|  0%| F|  |TAMS 0x0000000714000000, 0x0000000714000000| Untracked 
|  81|0x0000000714200000, 0x0000000714200000, 0x0000000714400000|  0%| F|  |TAMS 0x0000000714200000, 0x0000000714200000| Untracked 
|  82|0x0000000714400000, 0x0000000714400000, 0x0000000714600000|  0%| F|  |TAMS 0x0000000714400000, 0x0000000714400000| Untracked 
|  83|0x0000000714600000, 0x0000000714600000, 0x0000000714800000|  0%| F|  |TAMS 0x0000000714600000, 0x0000000714600000| Untracked 
|  84|0x0000000714800000, 0x0000000714800000, 0x0000000714a00000|  0%| F|  |TAMS 0x0000000714800000, 0x0000000714800000| Untracked 
|  85|0x0000000714a00000, 0x0000000714a00000, 0x0000000714c00000|  0%| F|  |TAMS 0x0000000714a00000, 0x0000000714a00000| Untracked 
|  86|0x0000000714c00000, 0x0000000714c00000, 0x0000000714e00000|  0%| F|  |TAMS 0x0000000714c00000, 0x0000000714c00000| Untracked 
|  87|0x0000000714e00000, 0x0000000714e00000, 0x0000000715000000|  0%| F|  |TAMS 0x0000000714e00000, 0x0000000714e00000| Untracked 
|  88|0x0000000715000000, 0x0000000715000000, 0x0000000715200000|  0%| F|  |TAMS 0x0000000715000000, 0x0000000715000000| Untracked 
|  89|0x0000000715200000, 0x0000000715200000, 0x0000000715400000|  0%| F|  |TAMS 0x0000000715200000, 0x0000000715200000| Untracked 
|  90|0x0000000715400000, 0x0000000715400000, 0x0000000715600000|  0%| F|  |TAMS 0x0000000715400000, 0x0000000715400000| Untracked 
|  91|0x0000000715600000, 0x0000000715600000, 0x0000000715800000|  0%| F|  |TAMS 0x0000000715600000, 0x0000000715600000| Untracked 
|  92|0x0000000715800000, 0x0000000715800000, 0x0000000715a00000|  0%| F|  |TAMS 0x0000000715800000, 0x0000000715800000| Untracked 
|  93|0x0000000715a00000, 0x0000000715a00000, 0x0000000715c00000|  0%| F|  |TAMS 0x0000000715a00000, 0x0000000715a00000| Untracked 
|  94|0x0000000715c00000, 0x0000000715c00000, 0x0000000715e00000|  0%| F|  |TAMS 0x0000000715c00000, 0x0000000715c00000| Untracked 
|  95|0x0000000715e00000, 0x0000000715e00000, 0x0000000716000000|  0%| F|  |TAMS 0x0000000715e00000, 0x0000000715e00000| Untracked 
|  96|0x0000000716000000, 0x0000000716000000, 0x0000000716200000|  0%| F|  |TAMS 0x0000000716000000, 0x0000000716000000| Untracked 
|  97|0x0000000716200000, 0x0000000716200000, 0x0000000716400000|  0%| F|  |TAMS 0x0000000716200000, 0x0000000716200000| Untracked 
|  98|0x0000000716400000, 0x0000000716400000, 0x0000000716600000|  0%| F|  |TAMS 0x0000000716400000, 0x0000000716400000| Untracked 
|  99|0x0000000716600000, 0x0000000716600000, 0x0000000716800000|  0%| F|  |TAMS 0x0000000716600000, 0x0000000716600000| Untracked 
| 100|0x0000000716800000, 0x0000000716800000, 0x0000000716a00000|  0%| F|  |TAMS 0x0000000716800000, 0x0000000716800000| Untracked 
| 101|0x0000000716a00000, 0x0000000716a00000, 0x0000000716c00000|  0%| F|  |TAMS 0x0000000716a00000, 0x0000000716a00000| Untracked 
| 102|0x0000000716c00000, 0x0000000716c00000, 0x0000000716e00000|  0%| F|  |TAMS 0x0000000716c00000, 0x0000000716c00000| Untracked 
| 103|0x0000000716e00000, 0x0000000716e00000, 0x0000000717000000|  0%| F|  |TAMS 0x0000000716e00000, 0x0000000716e00000| Untracked 
| 104|0x0000000717000000, 0x0000000717000000, 0x0000000717200000|  0%| F|  |TAMS 0x0000000717000000, 0x0000000717000000| Untracked 
| 105|0x0000000717200000, 0x0000000717200000, 0x0000000717400000|  0%| F|  |TAMS 0x0000000717200000, 0x0000000717200000| Untracked 
| 106|0x0000000717400000, 0x0000000717400000, 0x0000000717600000|  0%| F|  |TAMS 0x0000000717400000, 0x0000000717400000| Untracked 
| 107|0x0000000717600000, 0x0000000717600000, 0x0000000717800000|  0%| F|  |TAMS 0x0000000717600000, 0x0000000717600000| Untracked 
| 108|0x0000000717800000, 0x0000000717800000, 0x0000000717a00000|  0%| F|  |TAMS 0x0000000717800000, 0x0000000717800000| Untracked 
| 109|0x0000000717a00000, 0x0000000717a00000, 0x0000000717c00000|  0%| F|  |TAMS 0x0000000717a00000, 0x0000000717a00000| Untracked 
| 110|0x0000000717c00000, 0x0000000717c00000, 0x0000000717e00000|  0%| F|  |TAMS 0x0000000717c00000, 0x0000000717c00000| Untracked 
| 111|0x0000000717e00000, 0x0000000717e00000, 0x0000000718000000|  0%| F|  |TAMS 0x0000000717e00000, 0x0000000717e00000| Untracked 
| 112|0x0000000718000000, 0x0000000718000000, 0x0000000718200000|  0%| F|  |TAMS 0x0000000718000000, 0x0000000718000000| Untracked 
| 113|0x0000000718200000, 0x0000000718200000, 0x0000000718400000|  0%| F|  |TAMS 0x0000000718200000, 0x0000000718200000| Untracked 
| 114|0x0000000718400000, 0x0000000718400000, 0x0000000718600000|  0%| F|  |TAMS 0x0000000718400000, 0x0000000718400000| Untracked 
| 115|0x0000000718600000, 0x0000000718671270, 0x0000000718800000| 22%| E|  |TAMS 0x0000000718600000, 0x0000000718600000| Complete 
| 116|0x0000000718800000, 0x0000000718a00000, 0x0000000718a00000|100%| E|CS|TAMS 0x0000000718800000, 0x0000000718800000| Complete 
| 117|0x0000000718a00000, 0x0000000718c00000, 0x0000000718c00000|100%| E|CS|TAMS 0x0000000718a00000, 0x0000000718a00000| Complete 
| 118|0x0000000718c00000, 0x0000000718e00000, 0x0000000718e00000|100%| E|CS|TAMS 0x0000000718c00000, 0x0000000718c00000| Complete 
| 119|0x0000000718e00000, 0x0000000719000000, 0x0000000719000000|100%| E|CS|TAMS 0x0000000718e00000, 0x0000000718e00000| Complete 
| 120|0x0000000719000000, 0x0000000719200000, 0x0000000719200000|100%| E|CS|TAMS 0x0000000719000000, 0x0000000719000000| Complete 
| 121|0x0000000719200000, 0x0000000719400000, 0x0000000719400000|100%| E|CS|TAMS 0x0000000719200000, 0x0000000719200000| Complete 
| 122|0x0000000719400000, 0x0000000719600000, 0x0000000719600000|100%| E|CS|TAMS 0x0000000719400000, 0x0000000719400000| Complete 

Card table byte_map: [0x0000027ba8630000,0x0000027ba8de0000] _byte_map_base: 0x0000027ba4de0000

Marking Bits (Prev, Next): (CMBitMap*) 0x0000027b910fb920, (CMBitMap*) 0x0000027b910fb960
 Prev Bits: [0x0000027ba9590000, 0x0000027bad310000)
 Next Bits: [0x0000027bad310000, 0x0000027bb1090000)

Polling page: 0x0000027b90860000

Metaspace:

Usage:
  Non-class:      3.48 MB used.
      Class:    277.45 KB used.
       Both:      3.75 MB used.

Virtual space:
  Non-class space:       64.00 MB reserved,       3.56 MB (  6%) committed,  1 nodes.
      Class space:        1.00 GB reserved,     384.00 KB ( <1%) committed,  1 nodes.
             Both:        1.06 GB reserved,       3.94 MB ( <1%) committed. 

Chunk freelists:
   Non-Class:  10.66 MB
       Class:  15.66 MB
        Both:  26.31 MB

MaxMetaspaceSize: unlimited
CompressedClassSpaceSize: 1.00 GB
Initial GC threshold: 21.00 MB
Current GC threshold: 21.00 MB
CDS: on
MetaspaceReclaimPolicy: balanced
 - commit_granule_bytes: 65536.
 - commit_granule_words: 8192.
 - virtual_space_node_default_size: 8388608.
 - enlarge_chunks_in_place: 1.
 - new_chunks_are_fully_committed: 0.
 - uncommit_free_chunks: 1.
 - use_allocation_guard: 0.
 - handle_deallocations: 1.


Internal statistics:

num_allocs_failed_limit: 0.
num_arena_births: 66.
num_arena_deaths: 0.
num_vsnodes_births: 2.
num_vsnodes_deaths: 0.
num_space_committed: 63.
num_space_uncommitted: 0.
num_chunks_returned_to_freelist: 0.
num_chunks_taken_from_freelist: 144.
num_chunk_merges: 0.
num_chunk_splits: 87.
num_chunks_enlarged: 57.
num_inconsistent_stats: 0.

CodeHeap 'non-profiled nmethods': size=120000Kb used=274Kb max_used=274Kb free=119726Kb
 bounds [0x0000027ba0400000, 0x0000027ba0670000, 0x0000027ba7930000]
CodeHeap 'profiled nmethods': size=120000Kb used=1511Kb max_used=1511Kb free=118488Kb
 bounds [0x0000027b98930000, 0x0000027b98ba0000, 0x0000027b9fe60000]
CodeHeap 'non-nmethods': size=5760Kb used=1610Kb max_used=1625Kb free=4149Kb
 bounds [0x0000027b9fe60000, 0x0000027ba00d0000, 0x0000027ba0400000]
 total_blobs=1911 nmethods=867 adapters=957
 compilation: enabled
              stopped_count=0, restarted_count=0
 full_count=0

Compilation events (20 events):
Event: 1.380 Thread 0x0000027bf902a780 nmethod 853 0x0000027b98aa3b90 code [0x0000027b98aa3da0, 0x0000027b98aa4288]
Event: 1.380 Thread 0x0000027bf9021cc0  856       4       java.lang.StringLatin1::indexOf (121 bytes)
Event: 1.380 Thread 0x0000027bf902a780  855       3       jdk.internal.jimage.ImageLocation::verifyName (161 bytes)
Event: 1.381 Thread 0x0000027bf902a780 nmethod 855 0x0000027b98aa4410 code [0x0000027b98aa4740, 0x0000027b98aa5d58]
Event: 1.381 Thread 0x0000027bf902a780  854       3       java.net.URLStreamHandler::setURL (73 bytes)
Event: 1.382 Thread 0x0000027bf902a780 nmethod 854 0x0000027b98aa6690 code [0x0000027b98aa6960, 0x0000027b98aa7798]
Event: 1.382 Thread 0x0000027bf902a780  858       1       java.lang.NamedPackage::module (5 bytes)
Event: 1.382 Thread 0x0000027bf902a780 nmethod 858 0x0000027ba0442f10 code [0x0000027ba04430a0, 0x0000027ba0443178]
Event: 1.382 Thread 0x0000027bf902a780  860       3       sun.misc.Unsafe::putLong (11 bytes)
Event: 1.382 Thread 0x0000027bf902a780 nmethod 860 0x0000027b98aa7c90 code [0x0000027b98aa7e20, 0x0000027b98aa7f38]
Event: 1.382 Thread 0x0000027bf902a780  861       3       org.lwjgl.system.MemoryUtil::memPutAddress (29 bytes)
Event: 1.382 Thread 0x0000027bf902a780 nmethod 861 0x0000027b98aa8010 code [0x0000027b98aa81c0, 0x0000027b98aa83b8]
Event: 1.382 Thread 0x0000027bf902a780  863       3       java.lang.ClassLoader::getClassLoadingLock (35 bytes)
Event: 1.382 Thread 0x0000027bf902a780 nmethod 863 0x0000027b98aa8490 code [0x0000027b98aa8640, 0x0000027b98aa8948]
Event: 1.382 Thread 0x0000027bf902a780  864       3       java.lang.ClassLoader::findLoadedClass (15 bytes)
Event: 1.382 Thread 0x0000027bf902a780 nmethod 864 0x0000027b98aa8a90 code [0x0000027b98aa8c40, 0x0000027b98aa8e38]
Event: 1.382 Thread 0x0000027bf902a780  865       3       jdk.internal.loader.BuiltinClassLoader::findLoadedModule (33 bytes)
Event: 1.383 Thread 0x0000027bf902a780 nmethod 865 0x0000027b98aa8f10 code [0x0000027b98aa9120, 0x0000027b98aa9778]
Event: 1.383 Thread 0x0000027bf902a780  866       3       java.lang.ref.Reference::clear (5 bytes)
Event: 1.383 Thread 0x0000027bf902a780 nmethod 866 0x0000027b98aa9a10 code [0x0000027b98aa9ba0, 0x0000027b98aa9ce8]

GC Heap History (0 events):
No events

Deoptimization events (20 events):
Event: 0.422 Thread 0x0000027b91093b20 DEOPT PACKING pc=0x0000027ba040dfbc sp=0x0000009e892fb7f0
Event: 0.422 Thread 0x0000027b91093b20 DEOPT UNPACKING pc=0x0000027b9feb23a3 sp=0x0000009e892fb7c0 mode 2
Event: 0.425 Thread 0x0000027b91093b20 Uncommon trap: trap_request=0xffffff45 fr.pc=0x0000027ba042e174 relative=0x0000000000000254
Event: 0.425 Thread 0x0000027b91093b20 Uncommon trap: reason=unstable_if action=reinterpret pc=0x0000027ba042e174 method=java.lang.String.startsWith(Ljava/lang/String;I)Z @ 14 c2
Event: 0.425 Thread 0x0000027b91093b20 DEOPT PACKING pc=0x0000027ba042e174 sp=0x0000009e892fbb60
Event: 0.425 Thread 0x0000027b91093b20 DEOPT UNPACKING pc=0x0000027b9feb23a3 sp=0x0000009e892fbac0 mode 2
Event: 0.474 Thread 0x0000027b91093b20 Uncommon trap: trap_request=0xffffffde fr.pc=0x0000027ba0421c50 relative=0x0000000000000390
Event: 0.474 Thread 0x0000027b91093b20 Uncommon trap: reason=class_check action=maybe_recompile pc=0x0000027ba0421c50 method=java.util.HashMap.getNode(Ljava/lang/Object;)Ljava/util/HashMap$Node; @ 63 c2
Event: 0.474 Thread 0x0000027b91093b20 DEOPT PACKING pc=0x0000027ba0421c50 sp=0x0000009e892fba30
Event: 0.474 Thread 0x0000027b91093b20 DEOPT UNPACKING pc=0x0000027b9feb23a3 sp=0x0000009e892fb948 mode 2
Event: 0.499 Thread 0x0000027b91093b20 Uncommon trap: trap_request=0xffffffde fr.pc=0x0000027ba0421c50 relative=0x0000000000000390
Event: 0.499 Thread 0x0000027b91093b20 Uncommon trap: reason=class_check action=maybe_recompile pc=0x0000027ba0421c50 method=java.util.HashMap.getNode(Ljava/lang/Object;)Ljava/util/HashMap$Node; @ 63 c2
Event: 0.499 Thread 0x0000027b91093b20 DEOPT PACKING pc=0x0000027ba0421c50 sp=0x0000009e892fdc10
Event: 0.499 Thread 0x0000027b91093b20 DEOPT UNPACKING pc=0x0000027b9feb23a3 sp=0x0000009e892fdb28 mode 2
Event: 1.322 Thread 0x0000027b91093b20 Uncommon trap: trap_request=0xffffffde fr.pc=0x0000027ba0421c50 relative=0x0000000000000390
Event: 1.322 Thread 0x0000027b91093b20 Uncommon trap: reason=class_check action=maybe_recompile pc=0x0000027ba0421c50 method=java.util.HashMap.getNode(Ljava/lang/Object;)Ljava/util/HashMap$Node; @ 63 c2
Event: 1.322 Thread 0x0000027b91093b20 DEOPT PACKING pc=0x0000027ba0421c50 sp=0x0000009e892fd250
Event: 1.322 Thread 0x0000027b91093b20 DEOPT UNPACKING pc=0x0000027b9feb23a3 sp=0x0000009e892fd168 mode 2
Event: 1.380 Thread 0x0000027b91093b20 DEOPT PACKING pc=0x0000027b9896f165 sp=0x0000009e892fcd40
Event: 1.380 Thread 0x0000027b91093b20 DEOPT UNPACKING pc=0x0000027b9feb2b43 sp=0x0000009e892fc190 mode 0

Classes unloaded (0 events):
No events

Classes redefined (0 events):
No events

Internal exceptions (20 events):
Event: 0.353 Thread 0x0000027b91093b20 Exception <a 'java/lang/NoSuchMethodError'{0x0000000718d38c60}: 'void java.lang.invoke.DelegatingMethodHandle$Holder.delegate(java.lang.Object, java.lang.Object, int, java.lang.Object)'> (0x0000000718d38c60) 
thrown [s\open\src\hotspot\share\interpreter\linkResolver.cpp, line 759]
Event: 0.353 Thread 0x0000027b91093b20 Exception <a 'java/lang/NoSuchMethodError'{0x0000000718d3cc98}: 'int java.lang.invoke.DirectMethodHandle$Holder.invokeSpecial(java.lang.Object, java.lang.Object, java.lang.Object)'> (0x0000000718d3cc98) 
thrown [s\open\src\hotspot\share\interpreter\linkResolver.cpp, line 759]
Event: 0.393 Thread 0x0000027b91093b20 Exception <a 'sun/nio/fs/WindowsException'{0x0000000718d94738}> (0x0000000718d94738) 
thrown [s\open\src\hotspot\share\prims\jni.cpp, line 516]
Event: 0.394 Thread 0x0000027b91093b20 Exception <a 'sun/nio/fs/WindowsException'{0x0000000718d94c78}> (0x0000000718d94c78) 
thrown [s\open\src\hotspot\share\prims\jni.cpp, line 516]
Event: 0.452 Thread 0x0000027b91093b20 Exception <a 'java/lang/NoSuchMethodError'{0x0000000718a84188}: 'int java.lang.invoke.DirectMethodHandle$Holder.invokeStaticInit(java.lang.Object, java.lang.Object, int, long)'> (0x0000000718a84188) 
thrown [s\open\src\hotspot\share\interpreter\linkResolver.cpp, line 759]
Event: 0.453 Thread 0x0000027b91093b20 Exception <a 'java/lang/NoSuchMethodError'{0x0000000718a89a50}: 'java.lang.Object java.lang.invoke.DirectMethodHandle$Holder.newInvokeSpecial(java.lang.Object, java.lang.Object, int)'> (0x0000000718a89a50) 
thrown [s\open\src\hotspot\share\interpreter\linkResolver.cpp, line 759]
Event: 0.457 Thread 0x0000027b91093b20 Exception <a 'java/lang/NoSuchMethodError'{0x0000000718a986d0}: 'int java.lang.invoke.DirectMethodHandle$Holder.invokeStaticInit(java.lang.Object, java.lang.Object, long, long)'> (0x0000000718a986d0) 
thrown [s\open\src\hotspot\share\interpreter\linkResolver.cpp, line 759]
Event: 0.458 Thread 0x0000027b91093b20 Exception <a 'java/lang/NoSuchMethodError'{0x0000000718a9e7e0}: 'java.lang.Object java.lang.invoke.DirectMethodHandle$Holder.newInvokeSpecial(java.lang.Object, java.lang.Object, long)'> (0x0000000718a9e7e0) 
thrown [s\open\src\hotspot\share\interpreter\linkResolver.cpp, line 759]
Event: 0.458 Thread 0x0000027b91093b20 Exception <a 'java/lang/NoSuchMethodError'{0x0000000718aa2828}: 'java.lang.Object java.lang.invoke.Invokers$Holder.linkToTargetMethod(java.lang.Object, long, java.lang.Object)'> (0x0000000718aa2828) 
thrown [s\open\src\hotspot\share\interpreter\linkResolver.cpp, line 759]
Event: 0.459 Thread 0x0000027b91093b20 Exception <a 'java/lang/NoSuchMethodError'{0x0000000718aa9f40}: 'int java.lang.invoke.DirectMethodHandle$Holder.invokeStaticInit(java.lang.Object, java.lang.Object, java.lang.Object, long)'> (0x0000000718aa9f40) 
thrown [s\open\src\hotspot\share\interpreter\linkResolver.cpp, line 759]
Event: 0.479 Thread 0x0000027b91093b20 Exception <a 'sun/nio/fs/WindowsException'{0x0000000718b138a0}> (0x0000000718b138a0) 
thrown [s\open\src\hotspot\share\prims\jni.cpp, line 516]
Event: 0.479 Thread 0x0000027b91093b20 Exception <a 'sun/nio/fs/WindowsException'{0x0000000718b13c28}> (0x0000000718b13c28) 
thrown [s\open\src\hotspot\share\prims\jni.cpp, line 516]
Event: 0.504 Thread 0x0000027b91093b20 Exception <a 'sun/nio/fs/WindowsException'{0x0000000718bb8210}> (0x0000000718bb8210) 
thrown [s\open\src\hotspot\share\prims\jni.cpp, line 516]
Event: 0.505 Thread 0x0000027b91093b20 Exception <a 'sun/nio/fs/WindowsException'{0x0000000718bb8568}> (0x0000000718bb8568) 
thrown [s\open\src\hotspot\share\prims\jni.cpp, line 516]
Event: 1.329 Thread 0x0000027b91093b20 Exception <a 'sun/nio/fs/WindowsException'{0x0000000718993b30}> (0x0000000718993b30) 
thrown [s\open\src\hotspot\share\prims\jni.cpp, line 516]
Event: 1.329 Thread 0x0000027b91093b20 Exception <a 'sun/nio/fs/WindowsException'{0x0000000718993ea0}> (0x0000000718993ea0) 
thrown [s\open\src\hotspot\share\prims\jni.cpp, line 516]
Event: 1.374 Thread 0x0000027b91093b20 Exception <a 'sun/nio/fs/WindowsException'{0x0000000718617840}> (0x0000000718617840) 
thrown [s\open\src\hotspot\share\prims\jni.cpp, line 516]
Event: 1.374 Thread 0x0000027b91093b20 Exception <a 'sun/nio/fs/WindowsException'{0x0000000718617bd0}> (0x0000000718617bd0) 
thrown [s\open\src\hotspot\share\prims\jni.cpp, line 516]
Event: 1.381 Thread 0x0000027b91093b20 Exception <a 'sun/nio/fs/WindowsException'{0x000000071862b2b8}> (0x000000071862b2b8) 
thrown [s\open\src\hotspot\share\prims\jni.cpp, line 516]
Event: 1.381 Thread 0x0000027b91093b20 Exception <a 'sun/nio/fs/WindowsException'{0x000000071862b588}> (0x000000071862b588) 
thrown [s\open\src\hotspot\share\prims\jni.cpp, line 516]

VM Operations (10 events):
Event: 0.131 Executing VM operation: HandshakeAllThreads
Event: 0.131 Executing VM operation: HandshakeAllThreads done
Event: 0.308 Executing VM operation: HandshakeAllThreads
Event: 0.308 Executing VM operation: HandshakeAllThreads done
Event: 0.349 Executing VM operation: HandshakeAllThreads
Event: 0.349 Executing VM operation: HandshakeAllThreads done
Event: 0.380 Executing VM operation: HandshakeAllThreads
Event: 0.380 Executing VM operation: HandshakeAllThreads done
Event: 0.394 Executing VM operation: HandshakeAllThreads
Event: 0.394 Executing VM operation: HandshakeAllThreads done

Events (20 events):
Event: 1.150 loading class java/time/DayOfWeek
Event: 1.150 loading class java/time/DayOfWeek done
Event: 1.150 loading class java/time/zone/ZoneOffsetTransitionRule$TimeDefinition
Event: 1.150 loading class java/time/zone/ZoneOffsetTransitionRule$TimeDefinition done
Event: 1.151 loading class java/time/zone/ZoneOffsetTransition
Event: 1.151 loading class java/time/zone/ZoneOffsetTransition done
Event: 1.152 loading class sun/util/cldr/CLDRBaseLocaleDataMetaInfo$TZCanonicalIDMapHolder
Event: 1.153 loading class sun/util/cldr/CLDRBaseLocaleDataMetaInfo$TZCanonicalIDMapHolder done
Event: 1.154 loading class sun/util/resources/TimeZoneNames
Event: 1.155 loading class sun/util/resources/TimeZoneNames done
Event: 1.155 loading class sun/util/resources/TimeZoneNames_en
Event: 1.155 loading class sun/util/resources/TimeZoneNames_en done
Event: 1.313 loading class java/nio/channels/spi/AbstractInterruptibleChannel$1
Event: 1.313 loading class sun/nio/ch/Interruptible
Event: 1.313 loading class sun/nio/ch/Interruptible done
Event: 1.313 loading class java/nio/channels/spi/AbstractInterruptibleChannel$1 done
Event: 1.330 Loaded shared library C:\Users\user\AppData\Local\Temp\lwjgl_user\3.3.4+7\x64\lwjgl_stb.dll
Event: 1.331 loading class jdk/internal/misc/ScopedMemoryAccess$Scope
Event: 1.331 loading class jdk/internal/misc/ScopedMemoryAccess$Scope done
Event: 1.376 Loaded shared library C:\Users\user\AppData\Local\Temp\lwjgl_user\3.3.4+7\x64\lwjgl_opengl.dll


Dynamic libraries:
0x00007ff78fda0000 - 0x00007ff78fdb0000 	C:\Program Files\Java\jdk-17\bin\java.exe
0x00007ff85b330000 - 0x00007ff85b528000 	C:\WINDOWS\SYSTEM32\ntdll.dll
0x00007ff85a740000 - 0x00007ff85a801000 	C:\WINDOWS\System32\KERNEL32.DLL
0x00007ff858a80000 - 0x00007ff858d7d000 	C:\WINDOWS\System32\KERNELBASE.dll
0x00007ff859080000 - 0x00007ff859180000 	C:\WINDOWS\System32\ucrtbase.dll
0x00007ff834d60000 - 0x00007ff834d79000 	C:\Program Files\Java\jdk-17\bin\jli.dll
0x00007ff834cd0000 - 0x00007ff834ceb000 	C:\Program Files\Java\jdk-17\bin\VCRUNTIME140.dll
0x00007ff85a9f0000 - 0x00007ff85aaa0000 	C:\WINDOWS\System32\ADVAPI32.dll
0x00007ff85a290000 - 0x00007ff85a32e000 	C:\WINDOWS\System32\msvcrt.dll
0x00007ff859b30000 - 0x00007ff859bd0000 	C:\WINDOWS\System32\sechost.dll
0x00007ff85b1c0000 - 0x00007ff85b2e3000 	C:\WINDOWS\System32\RPCRT4.dll
0x00007ff859180000 - 0x00007ff8591a7000 	C:\WINDOWS\System32\bcrypt.dll
0x00007ff85b020000 - 0x00007ff85b1bd000 	C:\WINDOWS\System32\USER32.dll
0x00007ff8589e0000 - 0x00007ff858a02000 	C:\WINDOWS\System32\win32u.dll
0x00007ff847e90000 - 0x00007ff84812a000 	C:\WINDOWS\WinSxS\amd64_microsoft.windows.common-controls_6595b64144ccf1df_6.0.19041.4355_none_60b8b9eb71f62e16\COMCTL32.dll
0x00007ff85aaa0000 - 0x00007ff85aacb000 	C:\WINDOWS\System32\GDI32.dll
0x00007ff858f60000 - 0x00007ff859077000 	C:\WINDOWS\System32\gdi32full.dll
0x00007ff858e30000 - 0x00007ff858ecd000 	C:\WINDOWS\System32\msvcp_win.dll
0x00007ff84f3a0000 - 0x00007ff84f3aa000 	C:\WINDOWS\SYSTEM32\VERSION.dll
0x00007ff85abb0000 - 0x00007ff85abdf000 	C:\WINDOWS\System32\IMM32.DLL
0x00007ff844db0000 - 0x00007ff844dbc000 	C:\Program Files\Java\jdk-17\bin\vcruntime140_1.dll
0x00007ff81df30000 - 0x00007ff81dfbe000 	C:\Program Files\Java\jdk-17\bin\msvcp140.dll
0x00007ff81c660000 - 0x00007ff81d241000 	C:\Program Files\Java\jdk-17\bin\server\jvm.dll
0x00007ff85acc0000 - 0x00007ff85acc8000 	C:\WINDOWS\System32\PSAPI.DLL
0x00007ff84f3b0000 - 0x00007ff84f3d7000 	C:\WINDOWS\SYSTEM32\WINMM.dll
0x00007ff8416e0000 - 0x00007ff8416e9000 	C:\WINDOWS\SYSTEM32\WSOCK32.dll
0x00007ff85a1b0000 - 0x00007ff85a21b000 	C:\WINDOWS\System32\WS2_32.dll
0x00007ff856860000 - 0x00007ff856872000 	C:\WINDOWS\SYSTEM32\kernel.appcore.dll
0x00007ff844d80000 - 0x00007ff844d8a000 	C:\Program Files\Java\jdk-17\bin\jimage.dll
0x00007ff84b370000 - 0x00007ff84b554000 	C:\WINDOWS\SYSTEM32\DBGHELP.DLL
0x00007ff8437e0000 - 0x00007ff843814000 	C:\WINDOWS\SYSTEM32\dbgcore.DLL
0x00007ff858ed0000 - 0x00007ff858f52000 	C:\WINDOWS\System32\bcryptPrimitives.dll
0x00007ff834e40000 - 0x00007ff834e4e000 	C:\Program Files\Java\jdk-17\bin\instrument.dll
0x00007ff8317e0000 - 0x00007ff831805000 	C:\Program Files\Java\jdk-17\bin\java.dll
0x00007ff81c580000 - 0x00007ff81c657000 	C:\Program Files\Java\jdk-17\bin\jsvml.dll
0x00007ff859360000 - 0x00007ff859acf000 	C:\WINDOWS\System32\SHELL32.dll
0x00007ff856a60000 - 0x00007ff8571ff000 	C:\WINDOWS\SYSTEM32\windows.storage.dll
0x00007ff85a3e0000 - 0x00007ff85a733000 	C:\WINDOWS\System32\combase.dll
0x00007ff858400000 - 0x00007ff85842e000 	C:\WINDOWS\SYSTEM32\Wldp.dll
0x00007ff85abf0000 - 0x00007ff85acbd000 	C:\WINDOWS\System32\OLEAUT32.dll
0x00007ff85a330000 - 0x00007ff85a3dd000 	C:\WINDOWS\System32\SHCORE.dll
0x00007ff85a220000 - 0x00007ff85a275000 	C:\WINDOWS\System32\shlwapi.dll
0x00007ff858910000 - 0x00007ff858934000 	C:\WINDOWS\SYSTEM32\profapi.dll
0x00007ff831e20000 - 0x00007ff831e38000 	C:\Program Files\Java\jdk-17\bin\zip.dll
0x00007ff834be0000 - 0x00007ff834bf9000 	C:\Program Files\Java\jdk-17\bin\net.dll
0x00007ff852970000 - 0x00007ff852a7d000 	C:\WINDOWS\SYSTEM32\WINHTTP.dll
0x00007ff858160000 - 0x00007ff8581ca000 	C:\WINDOWS\system32\mswsock.dll
0x00007ff833060000 - 0x00007ff833076000 	C:\Program Files\Java\jdk-17\bin\nio.dll
0x00007ff8310c0000 - 0x00007ff8310da000 	C:\Program Files\JetBrains\IntelliJ IDEA Community Edition 2022.1.3\bin\breakgen64.dll
0x00007ff823dd0000 - 0x00007ff823e4b000 	C:\Users\user\AppData\Local\Temp\lwjgl_user\3.3.4+7\x64\lwjgl.dll
0x00007ff807ca0000 - 0x00007ff807f11000 	C:\Users\user\AppData\Local\Temp\lwjgl_user\3.3.4+7\x64\jemalloc.dll
0x00007ff8171b0000 - 0x00007ff817235000 	C:\Users\user\AppData\Local\Temp\lwjgl_user\3.3.4+7\x64\glfw.dll
0x00007ff829ed0000 - 0x00007ff829f15000 	C:\WINDOWS\SYSTEM32\dinput8.dll
0x00007ff822d80000 - 0x00007ff822d91000 	C:\WINDOWS\SYSTEM32\xinput1_4.dll
0x00007ff8591b0000 - 0x00007ff8591fe000 	C:\WINDOWS\System32\cfgmgr32.dll
0x00007ff858760000 - 0x00007ff858793000 	C:\WINDOWS\SYSTEM32\DEVOBJ.dll
0x00007ff856560000 - 0x00007ff85658f000 	C:\WINDOWS\SYSTEM32\dwmapi.dll
0x00007ff834fd0000 - 0x00007ff835122000 	C:\WINDOWS\SYSTEM32\inputhost.dll
0x00007ff854200000 - 0x00007ff8542f6000 	C:\WINDOWS\SYSTEM32\PROPSYS.dll
0x00007ff854090000 - 0x00007ff8541e7000 	C:\WINDOWS\SYSTEM32\wintypes.dll
0x00007ff852b80000 - 0x00007ff852edb000 	C:\WINDOWS\SYSTEM32\CoreUIComponents.dll
0x00007ff854ac0000 - 0x00007ff854bb2000 	C:\WINDOWS\SYSTEM32\CoreMessaging.dll
0x00007ff857b30000 - 0x00007ff857b63000 	C:\WINDOWS\SYSTEM32\ntmarta.dll
0x00007ff8562d0000 - 0x00007ff85636e000 	C:\WINDOWS\system32\uxtheme.dll
0x00007ff85acd0000 - 0x00007ff85ade4000 	C:\WINDOWS\System32\MSCTF.dll
0x00007ff81dfc0000 - 0x00007ff81e0e8000 	C:\WINDOWS\SYSTEM32\opengl32.dll
0x00007ff838b00000 - 0x00007ff838b2c000 	C:\WINDOWS\SYSTEM32\GLU32.dll
0x00007ff85a810000 - 0x00007ff85a8b9000 	C:\WINDOWS\System32\clbcatq.dll
0x00007ff825170000 - 0x00007ff82519a000 	C:\WINDOWS\System32\DriverStore\FileRepository\u0357176.inf_amd64_828ff99cacd4aa89\B356563\atig6pxx.dll
0x00007fffdd3b0000 - 0x00007fffe0096000 	C:\WINDOWS\System32\DriverStore\FileRepository\u0357176.inf_amd64_828ff99cacd4aa89\B356563\atio6axx.dll
0x00007ff859c60000 - 0x00007ff85a0ce000 	C:\WINDOWS\System32\SETUPAPI.dll
0x00007ff85a8c0000 - 0x00007ff85a9eb000 	C:\WINDOWS\System32\ole32.dll
0x00007ff82c870000 - 0x00007ff82c894000 	C:\WINDOWS\SYSTEM32\dxva2.dll
0x00007ff8253c0000 - 0x00007ff8253fc000 	C:\WINDOWS\System32\DriverStore\FileRepository\u0357176.inf_amd64_828ff99cacd4aa89\B356563\atig6txx.dll
0x00007ff81c010000 - 0x00007ff81c1c9000 	C:\WINDOWS\SYSTEM32\atiadlxx.dll
0x00007ff858a10000 - 0x00007ff858a79000 	C:\WINDOWS\System32\WINTRUST.dll
0x00007ff859200000 - 0x00007ff85935e000 	C:\WINDOWS\System32\CRYPT32.dll
0x00007ff858590000 - 0x00007ff8585a2000 	C:\WINDOWS\SYSTEM32\MSASN1.dll
0x00007ff855400000 - 0x00007ff85543b000 	C:\WINDOWS\SYSTEM32\dxcore.dll
0x00007ff83a560000 - 0x00007ff83a659000 	C:\WINDOWS\SYSTEM32\textinputframework.dll
0x00007ff8150d0000 - 0x00007ff815170000 	C:\Users\user\AppData\Local\Temp\lwjgl_user\3.3.4+7\x64\lwjgl_stb.dll
0x00007ff823c20000 - 0x00007ff823c81000 	C:\Users\user\AppData\Local\Temp\lwjgl_user\3.3.4+7\x64\lwjgl_opengl.dll

dbghelp: loaded successfully - version: 4.0.5 - missing functions: none
symbol engine: initialized successfully - sym options: 0x614 - pdb path: .;C:\Program Files\Java\jdk-17\bin;C:\WINDOWS\SYSTEM32;C:\WINDOWS\WinSxS\amd64_microsoft.windows.common-controls_6595b64144ccf1df_6.0.19041.4355_none_60b8b9eb71f62e16;C:\Program Files\Java\jdk-17\bin\server;C:\Program Files\JetBrains\IntelliJ IDEA Community Edition 2022.1.3\bin;C:\Users\user\AppData\Local\Temp\lwjgl_user\3.3.4+7\x64;C:\WINDOWS\System32\DriverStore\FileRepository\u0357176.inf_amd64_828ff99cacd4aa89\B356563

VM Arguments:
jvm_args: -javaagent:C:\Program Files\JetBrains\IntelliJ IDEA Community Edition 2022.1.3\lib\idea_rt.jar=16191:C:\Program Files\JetBrains\IntelliJ IDEA Community Edition 2022.1.3\bin -Dfile.encoding=UTF-8 
java_command: org.example.TexturedSquare
java_class_path (initial): C:\Users\user\Desktop\GameTest\target\classes;C:\Users\user\.m2\repository\org\lwjgl\lwjgl\3.3.4\lwjgl-3.3.4.jar;C:\Users\user\.m2\repository\org\lwjgl\lwjgl-assimp\3.3.4\lwjgl-assimp-3.3.4.jar;C:\Users\user\.m2\repository\org\lwjgl\lwjgl-bgfx\3.3.4\lwjgl-bgfx-3.3.4.jar;C:\Users\user\.m2\repository\org\lwjgl\lwjgl-cuda\3.3.4\lwjgl-cuda-3.3.4.jar;C:\Users\user\.m2\repository\org\lwjgl\lwjgl-egl\3.3.4\lwjgl-egl-3.3.4.jar;C:\Users\user\.m2\repository\org\lwjgl\lwjgl-fmod\3.3.4\lwjgl-fmod-3.3.4.jar;C:\Users\user\.m2\repository\org\lwjgl\lwjgl-freetype\3.3.4\lwjgl-freetype-3.3.4.jar;C:\Users\user\.m2\repository\org\lwjgl\lwjgl-glfw\3.3.4\lwjgl-glfw-3.3.4.jar;C:\Users\user\.m2\repository\org\lwjgl\lwjgl-harfbuzz\3.3.4\lwjgl-harfbuzz-3.3.4.jar;C:\Users\user\.m2\repository\org\lwjgl\lwjgl-hwloc\3.3.4\lwjgl-hwloc-3.3.4.jar;C:\Users\user\.m2\repository\org\lwjgl\lwjgl-jawt\3.3.4\lwjgl-jawt-3.3.4.jar;C:\Users\user\.m2\repository\org\lwjgl\lwjgl-jemalloc\3.3.4\lwjgl-jemalloc-3.3.4.jar;C:\Users\user\.m2\repository\org\lwjgl\lwjgl-ktx\3.3.4\lwjgl-ktx-3.3.4.jar;C:\Users\user\.m2\repository\org\lwjgl\lwjgl-libdivide\3.3.4\lwjgl-libdivide-3.3.4.jar;C:\Users\user\.m2\repository\org\lwjgl\lwjgl-llvm\3.3.4\lwjgl-llvm-3.3.4.jar;C:\Users\user\.m2\repository\org\lwjgl\lwjgl-lmdb\3.3.4\lwjgl-lmdb-3.3.4.jar;C:\Users\user\.m2\repository\org\lwjgl\lwjgl-lz4\3.3.4\lwjgl-lz4-3.3.4.jar;C:\Users\user\.m2\repository\org\lwjgl\lwjgl-meow\3.3.4\lwjgl-meow-3.3.4.jar;C:\Users\user\.m2\repository\org\lwjgl\lwjgl-meshoptimizer\3.3.4\lwjgl-meshoptimizer-3.3.4.jar;C:\Users\user\.m2\repository\org\lwjgl\lwjgl-msdfgen\3.3.4\lwjgl-msdfgen-3.3.4.jar;C:\Users\user\.m2\repository\org\lwjgl\lwjgl-nanovg\3.3.4\lwjgl-nanovg-3.3.4.jar;C:\Users\user\.m2\repository\org\lwjgl\lwjgl-nfd\3.3.4\lwjgl-nfd-3.3.4.jar;C:\Users\user\.m2\repository\org\lwjgl\lwjgl-nuklear\3.3.4\lwjgl-nuklear-3.3.4.jar;C:\Users\user\.m2\repository\org\lwjgl\lwjgl-odbc\3.3.4\lwjgl-odbc-3.3.4.jar;C:\Users\user\.m2\rep
Launcher Type: SUN_STANDARD

[Global flags]
     intx CICompilerCount                          = 4                                         {product} {ergonomic}
     uint ConcGCThreads                            = 3                                         {product} {ergonomic}
     uint G1ConcRefinementThreads                  = 10                                        {product} {ergonomic}
   size_t G1HeapRegionSize                         = 2097152                                   {product} {ergonomic}
    uintx GCDrainStackTargetSize                   = 64                                        {product} {ergonomic}
   size_t InitialHeapSize                          = 257949696                                 {product} {ergonomic}
   size_t MarkStackSize                            = 4194304                                   {product} {ergonomic}
   size_t MaxHeapSize                              = 4127195136                                {product} {ergonomic}
   size_t MaxNewSize                               = 2474639360                                {product} {ergonomic}
   size_t MinHeapDeltaBytes                        = 2097152                                   {product} {ergonomic}
   size_t MinHeapSize                              = 8388608                                   {product} {ergonomic}
    uintx NonNMethodCodeHeapSize                   = 5839372                                {pd product} {ergonomic}
    uintx NonProfiledCodeHeapSize                  = 122909434                              {pd product} {ergonomic}
    uintx ProfiledCodeHeapSize                     = 122909434                              {pd product} {ergonomic}
    uintx ReservedCodeCacheSize                    = 251658240                              {pd product} {ergonomic}
     bool SegmentedCodeCache                       = true                                      {product} {ergonomic}
   size_t SoftMaxHeapSize                          = 4127195136                             {manageable} {ergonomic}
     bool UseCompressedClassPointers               = true                           {product lp64_product} {ergonomic}
     bool UseCompressedOops                        = true                           {product lp64_product} {ergonomic}
     bool UseG1GC                                  = true                                      {product} {ergonomic}
     bool UseLargePagesIndividualAllocation        = false                                  {pd product} {ergonomic}

Logging:
Log output configuration:
 #0: stdout all=warning uptime,level,tags
 #1: stderr all=off uptime,level,tags

Environment Variables:
PATH=C:\Program Files (x86)\VMware\VMware Workstation\bin\;C:\Program Files\Common Files\Oracle\Java\javapath;C:\Program Files (x86)\Common Files\Oracle\Java\javapath;C:\ProgramData\Oracle\Java\javapath;C:\WINDOWS\system32;C:\WINDOWS;C:\WINDOWS\System32\Wbem;C:\WINDOWS\System32\WindowsPowerShell\v1.0\;C:\WINDOWS\System32\OpenSSH\;C:\Program Files\Git\cmd;C:\Program Files\MySQL\MySQL Server 8.0\bin;;C:\Program Files\NVIDIA Corporation\NVIDIA NvDLISR;C:\Program Files (x86)\NVIDIA Corporation\PhysX\Common;C:\Program Files\MySQL\MySQL Shell 8.0\bin\;C:\Users\user\AppData\Local\Programs\Python\Python310\Scripts\;C:\Users\user\AppData\Local\Programs\Python\Python310\;C:\Users\user\AppData\Local\Microsoft\WindowsApps;C:\Program Files\Java\jdk1.8.0_333;C:\Program Files\JetBrains\IntelliJ IDEA Community Edition 2022.1.3\bin;;C:\Users\user\AppData\Local\Programs\Microsoft VS Code\bin;C:\AndroBugs_Framework;C:\Users\user\AppData\Local\GitHubDesktop\bin;C:\Program Files\MySQL\MySQL Server 8.0\bin;C:\Program Files\Tesseract-OCR;
USERNAME=user
OS=Windows_NT
PROCESSOR_IDENTIFIER=AMD64 Family 23 Model 96 Stepping 1, AuthenticAMD



---------------  S Y S T E M  ---------------

OS:
 Windows 10 , 64 bit Build 19041 (10.0.19041.4717)
OS uptime: 0 days 9:27 hours

CPU: total 12 (initial active 12) (12 cores per cpu, 2 threads per core) family 23 model 96 stepping 1 microcode 0x0, cx8, cmov, fxsr, ht, mmx, 3dnowpref, sse, sse2, sse3, ssse3, sse4a, sse4.1, sse4.2, popcnt, lzcnt, tsc, tscinvbit, avx, avx2, aes, clmul, bmi1, bmi2, adx, sha, fma, vzeroupper, clflush, clflushopt

Memory: 4k page, system-wide physical 15741M (544M free)
TotalPageFile size 29071M (AvailPageFile size 3253M)
current process WorkingSet (physical memory assigned to process): 105M, peak: 105M
current process commit charge ("private bytes"): 439M, peak: 439M

vm_info: Java HotSpot(TM) 64-Bit Server VM (17.0.9+11-LTS-201) for windows-amd64 JRE (17.0.9+11-LTS-201), built on Oct 10 2023 23:16:06 by "mach5one" with MS VC++ 17.1 (VS2022)

END.
